2019-09-29 11:30:44,001 [http-bio-8083-exec-1] [org.apache.http.wire]-[DEBUG] http-outgoing-0 << "  <lst name="1091756583">[\n]"
2019-09-29 11:30:44,001 [http-bio-8083-exec-1] [org.apache.http.wire]-[DEBUG] http-outgoing-0 << "    <arr name="item_title">[\n]"
2019-09-29 11:30:44,001 [http-bio-8083-exec-1] [org.apache.http.wire]-[DEBUG] http-outgoing-0 << "      <str>[0xe8][0xb4][0x9d][0xe5][0xb0][0x94][0xe4][0xb8][0xb0]BF619 [0xe7][0xa7][0xbb][0xe5][0x8a][0xa8][0xe8][0x81][0x94][0xe9][0x80][0x9a]2G[0xe7][0xbf][0xbb][0xe7][0x9b][0x96][0xe8][0x80][0x81][0xe4][0xba][0xba]&lt;em style="color:red"&gt;[0xe6][0x89][0x8b][0xe6][0x9c][0xba]&lt;/em&gt; [0xe9][0x87][0x91][0xe8][0x89][0xb2]</str>[\n]"
2019-09-29 11:30:44,002 [http-bio-8083-exec-1] [org.apache.http.wire]-[DEBUG] http-outgoing-0 << "    </arr>[\n]"
2019-09-29 11:30:44,002 [http-bio-8083-exec-1] [org.apache.http.wire]-[DEBUG] http-outgoing-0 << "  </lst>[\n]"
2019-09-29 11:30:44,002 [http-bio-8083-exec-1] [org.apache.http.wire]-[DEBUG] http-outgoing-0 << "  <lst name="1062831420">[\n]"
2019-09-29 11:30:44,002 [http-bio-8083-exec-1] [org.apache.http.wire]-[DEBUG] http-outgoing-0 << "    <arr name="item_title">[\n]"
2019-09-29 11:30:44,002 [http-bio-8083-exec-1] [org.apache.http.wire]-[DEBUG] http-outgoing-0 << "      <str>[0xe5][0x8d][0x8e][0xe7][0xba][0xb3][0xe5][0xa8][0x81][0xe7][0xa7][0x80]K363 [0xe8][0x80][0x81][0xe4][0xba][0xba]&lt;em style="color:red"&gt;[0xe6][0x89][0x8b][0xe6][0x9c][0xba]&lt;/em&gt;[0xe5][0xa5][0xb3] [0xe8][0x80][0x81][0xe4][0xba][0xba][0xe6][0x9c][0xba][0xe5][0xa5][0xb3] [0xe7][0xa7][0xbb][0xe5][0x8a][0xa8][0xe8][0x81][0x94][0xe9][0x80][0x9a]2G [0xe4][0xb8][0xad][0xe5][0x9b][0xbd][0xe7][0xba][0xa2]</str>[\n]"
2019-09-29 11:30:44,002 [http-bio-8083-exec-1] [org.apache.http.wire]-[DEBUG] http-outgoing-0 << "    </arr>[\n]"
2019-09-29 11:30:44,002 [http-bio-8083-exec-1] [org.apache.http.wire]-[DEBUG] http-outgoing-0 << "  </lst>[\n]"
2019-09-29 11:30:44,002 [http-bio-8083-exec-1] [org.apache.http.wire]-[DEBUG] http-outgoing-0 << "  <lst name="1023752">[\n]"
2019-09-29 11:30:44,002 [http-bio-8083-exec-1] [org.apache.http.wire]-[DEBUG] http-outgoing-0 << "    <arr name="item_title">[\n]"
2019-09-29 11:30:44,002 [http-bio-8083-exec-1] [org.apache.http.wire]-[DEBUG] http-outgoing-0 << "      <str>[0xe9][0xa3][0x9e][0xe5][0x88][0xa9][0xe6][0xb5][0xa6] [0xe8][0x80][0x81][0xe4][0xba][0xba]&lt;em style="color:red"&gt;[0xe6][0x89][0x8b][0xe6][0x9c][0xba]&lt;/em&gt; (W8578) [0xe9][0xbb][0x91][0xe8][0x89][0xb2] [0xe8][0x81][0x94][0xe9][0x80][0x9a]3G&lt;em style="color:red"&gt;[0xe6][0x89][0x8b][0xe6][0x9c][0xba]&lt;/em&gt; [0xe5][0x8f][0x8c][0xe5][0x8d][0xa1][0xe5][0x8f][0x8c][0xe5][0xbe][0x85]</str>[\n]"
2019-09-29 11:30:44,002 [http-bio-8083-exec-1] [org.apache.http.wire]-[DEBUG] http-outgoing-0 << "    </arr>[\n]"
2019-09-29 11:30:44,002 [http-bio-8083-exec-1] [org.apache.http.wire]-[DEBUG] http-outgoing-0 << "  </lst>[\n]"
2019-09-29 11:30:44,003 [http-bio-8083-exec-1] [org.apache.http.wire]-[DEBUG] http-outgoing-0 << "  <lst name="1133222363">[\n]"
2019-09-29 11:30:44,003 [http-bio-8083-exec-1] [org.apache.http.wire]-[DEBUG] http-outgoing-0 << "    <arr name="item_title">[\n]"
2019-09-29 11:30:44,003 [http-bio-8083-exec-1] [org.apache.http.wire]-[DEBUG] http-outgoing-0 << "      <str>[0xe7][0x99][0xbe][0xe5][0x90][0x88] C20 CDMA[0xe7][0x94][0xb5][0xe4][0xbf][0xa1][0xe7][0x89][0x88] [0xe8][0x80][0x81][0xe5][0xb9][0xb4][0xe4][0xba][0xba]&lt;em style="color:red"&gt;[0xe6][0x89][0x8b][0xe6][0x9c][0xba]&lt;/em&gt; [0xe7][0xba][0xa2][0xe8][0x89][0xb2]</str>[\n]"
2019-09-29 11:30:44,003 [http-bio-8083-exec-1] [org.apache.http.wire]-[DEBUG] http-outgoing-0 << "    </arr>[\n]"
2019-09-29 11:30:44,003 [http-bio-8083-exec-1] [org.apache.http.wire]-[DEBUG] http-outgoing-0 << "  </lst>[\n]"
2019-09-29 11:30:44,003 [http-bio-8083-exec-1] [org.apache.http.wire]-[DEBUG] http-outgoing-0 << "  <lst name="1133222364">[\n]"
2019-09-29 11:30:44,003 [http-bio-8083-exec-1] [org.apache.http.wire]-[DEBUG] http-outgoing-0 << "    <arr name="item_title">[\n]"
2019-09-29 11:30:44,003 [http-bio-8083-exec-1] [org.apache.http.wire]-[DEBUG] http-outgoing-0 << "      <str>[0xe7][0x99][0xbe][0xe5][0x90][0x88] C20 CDMA[0xe7][0x94][0xb5][0xe4][0xbf][0xa1][0xe7][0x89][0x88] [0xe8][0x80][0x81][0xe5][0xb9][0xb4][0xe4][0xba][0xba]&lt;em style="color:red"&gt;[0xe6][0x89][0x8b][0xe6][0x9c][0xba]&lt;/em&gt; [0xe8][0x93][0x9d][0xe8][0x89][0xb2]</str>[\n]"
2019-09-29 11:30:44,003 [http-bio-8083-exec-1] [org.apache.http.wire]-[DEBUG] http-outgoing-0 << "    </arr>[\n]"
2019-09-29 11:30:44,003 [http-bio-8083-exec-1] [org.apache.http.wire]-[DEBUG] http-outgoing-0 << "  </lst>[\n]"
2019-09-29 11:30:44,003 [http-bio-8083-exec-1] [org.apache.http.wire]-[DEBUG] http-outgoing-0 << "  <lst name="1133222365">[\n]"
2019-09-29 11:30:44,004 [http-bio-8083-exec-1] [org.apache.http.wire]-[DEBUG] http-outgoing-0 << "    <arr name="item_title">[\n]"
2019-09-29 11:30:44,004 [http-bio-8083-exec-1] [org.apache.http.wire]-[DEBUG] http-outgoing-0 << "      <str>[0xe7][0x99][0xbe][0xe5][0x90][0x88] C20 CDMA[0xe7][0x94][0xb5][0xe4][0xbf][0xa1][0xe7][0x89][0x88] [0xe8][0x80][0x81][0xe5][0xb9][0xb4][0xe4][0xba][0xba]&lt;em style="color:red"&gt;[0xe6][0x89][0x8b][0xe6][0x9c][0xba]&lt;/em&gt; [0xe9][0xbb][0x91][0xe8][0x89][0xb2]</str>[\n]"
2019-09-29 11:30:44,004 [http-bio-8083-exec-1] [org.apache.http.wire]-[DEBUG] http-outgoing-0 << "    </arr>[\n]"
2019-09-29 11:30:44,004 [http-bio-8083-exec-1] [org.apache.http.wire]-[DEBUG] http-outgoing-0 << "  </lst>[\n]"
2019-09-29 11:30:44,004 [http-bio-8083-exec-1] [org.apache.http.wire]-[DEBUG] http-outgoing-0 << "  <lst name="1133222366">[\n]"
2019-09-29 11:30:44,004 [http-bio-8083-exec-1] [org.apache.http.wire]-[DEBUG] http-outgoing-0 << "    <arr name="item_title">[\n]"
2019-09-29 11:30:44,004 [http-bio-8083-exec-1] [org.apache.http.wire]-[DEBUG] http-outgoing-0 << "      <str>[0xe7][0x99][0xbe][0xe5][0x90][0x88] C20 CDMA[0xe7][0x94][0xb5][0xe4][0xbf][0xa1][0xe7][0x89][0x88] [0xe8][0x80][0x81][0xe5][0xb9][0xb4][0xe4][0xba][0xba]&lt;em style="color:red"&gt;[0xe6][0x89][0x8b][0xe6][0x9c][0xba]&lt;/em&gt; [0xe7][0xb2][0x89][0xe8][0x89][0xb2]</str>[\n]"
2019-09-29 11:30:44,004 [http-bio-8083-exec-1] [org.apache.http.wire]-[DEBUG] http-outgoing-0 << "    </arr>[\n]"
2019-09-29 11:30:44,004 [http-bio-8083-exec-1] [org.apache.http.wire]-[DEBUG] http-outgoing-0 << "  </lst>[\n]"
2019-09-29 11:30:44,004 [http-bio-8083-exec-1] [org.apache.http.wire]-[DEBUG] http-outgoing-0 << "  <lst name="1145177">[\n]"
2019-09-29 11:30:44,004 [http-bio-8083-exec-1] [org.apache.http.wire]-[DEBUG] http-outgoing-0 << "    <arr name="item_title">[\n]"
2019-09-29 11:30:44,004 [http-bio-8083-exec-1] [org.apache.http.wire]-[DEBUG] http-outgoing-0 << "      <str>[0xe4][0xb8][0x89][0xe6][0x98][0x9f] G3586V [0xe7][0x99][0xbd][0xe8][0x89][0xb2] [0xe8][0x81][0x94][0xe9][0x80][0x9a]4G&lt;em style="color:red"&gt;[0xe6][0x89][0x8b][0xe6][0x9c][0xba]&lt;/em&gt;</str>[\n]"
2019-09-29 11:30:44,004 [http-bio-8083-exec-1] [org.apache.http.wire]-[DEBUG] http-outgoing-0 << "    </arr>[\n]"
2019-09-29 11:30:44,004 [http-bio-8083-exec-1] [org.apache.http.wire]-[DEBUG] http-outgoing-0 << "  </lst>[\n]"
2019-09-29 11:30:44,004 [http-bio-8083-exec-1] [org.apache.http.wire]-[DEBUG] http-outgoing-0 << "  <lst name="1100734182">[\n]"
2019-09-29 11:30:44,004 [http-bio-8083-exec-1] [org.apache.http.wire]-[DEBUG] http-outgoing-0 << "    <arr name="item_title">[\n]"
2019-09-29 11:30:44,004 [http-bio-8083-exec-1] [org.apache.http.wire]-[DEBUG] http-outgoing-0 << "      <str>[0xe5][0xa4][0xa7][0xe6][0x98][0xbe][0xef][0xbc][0x88]DaXian[0xef][0xbc][0x89]DX886 [0xe7][0xa7][0xbb][0xe5][0x8a][0xa8]/[0xe8][0x81][0x94][0xe9][0x80][0x9a]2G [0xe7][0xbf][0xbb][0xe7][0x9b][0x96][0xe8][0x80][0x81][0xe4][0xba][0xba]&lt;em style="color:red"&gt;[0xe6][0x89][0x8b][0xe6][0x9c][0xba]&lt;/em&gt; [0xe5][0x8f][0x8c][0xe5][0x8d][0xa1][0xe5][0x8f][0x8c][0xe5][0xbe][0x85] [0xe6][0xb7][0xb1][0xe7][0xba][0xa2][0xe8][0x89][0xb2]</str>[\n]"
2019-09-29 11:30:44,017 [http-bio-8083-exec-1] [org.apache.http.wire]-[DEBUG] http-outgoing-0 << "    </arr>[\n]"
2019-09-29 11:30:44,017 [http-bio-8083-exec-1] [org.apache.http.wire]-[DEBUG] http-outgoing-0 << "  </lst>[\n]"
2019-09-29 11:30:44,017 [http-bio-8083-exec-1] [org.apache.http.wire]-[DEBUG] http-outgoing-0 << "  <lst name="1152435448">[\n]"
2019-09-29 11:30:44,017 [http-bio-8083-exec-1] [org.apache.http.wire]-[DEBUG] http-outgoing-0 << "    <arr name="item_title">[\n]"
2019-09-29 11:30:44,017 [http-bio-8083-exec-1] [org.apache.http.wire]-[DEBUG] http-outgoing-0 << "      <str>[0xe9][0x87][0x91][0xe5][0x9c][0xa3][0xe8][0xbe][0xbe][0xef][0xbc][0x88]GRSED[0xef][0xbc][0x89]A10-F [0xe8][0x81][0x94][0xe9][0x80][0x9a]/[0xe7][0xa7][0xbb][0xe5][0x8a][0xa8]2G [0xe8][0x80][0x81][0xe4][0xba][0xba]&lt;em style="color:red"&gt;[0xe6][0x89][0x8b][0xe6][0x9c][0xba]&lt;/em&gt; [0xe5][0x8f][0x8c][0xe5][0x8d][0xa1][0xe5][0x8f][0x8c][0xe5][0xbe][0x85] [0xe5][0x92][0x96][0xe5][0x95][0xa1][0xe8][0x89][0xb2]</str>[\n]"
2019-09-29 11:30:44,017 [http-bio-8083-exec-1] [org.apache.http.wire]-[DEBUG] http-outgoing-0 << "    </arr>[\n]"
2019-09-29 11:30:44,017 [http-bio-8083-exec-1] [org.apache.http.wire]-[DEBUG] http-outgoing-0 << "  </lst>[\n]"
2019-09-29 11:30:44,017 [http-bio-8083-exec-1] [org.apache.http.wire]-[DEBUG] http-outgoing-0 << "  <lst name="1124158129">[\n]"
2019-09-29 11:30:44,017 [http-bio-8083-exec-1] [org.apache.http.wire]-[DEBUG] http-outgoing-0 << "    <arr name="item_title">[\n]"
2019-09-29 11:30:44,017 [http-bio-8083-exec-1] [org.apache.http.wire]-[DEBUG] http-outgoing-0 << "      <str>[0xe6][0xac][0xa7][0xe5][0xa5][0x87] [0xe5][0xa5][0x87][0xe4][0xba][0x91]KV608 [0xe7][0xa7][0xbb][0xe5][0x8a][0xa8]/[0xe8][0x81][0x94][0xe9][0x80][0x9a]2G [0xe8][0x80][0x81][0xe4][0xba][0xba]&lt;em style="color:red"&gt;[0xe6][0x89][0x8b][0xe6][0x9c][0xba]&lt;/em&gt; [0xe5][0x8f][0x8c][0xe5][0x8d][0xa1][0xe5][0x8f][0x8c][0xe5][0xbe][0x85] [0xe5][0x92][0x96][0xe5][0x95][0xa1][0xe8][0x89][0xb2]</str>[\n]"
2019-09-29 11:30:44,017 [http-bio-8083-exec-1] [org.apache.http.wire]-[DEBUG] http-outgoing-0 << "    </arr>[\n]"
2019-09-29 11:30:44,018 [http-bio-8083-exec-1] [org.apache.http.wire]-[DEBUG] http-outgoing-0 << "  </lst>[\n]"
2019-09-29 11:30:44,018 [http-bio-8083-exec-1] [org.apache.http.wire]-[DEBUG] http-outgoing-0 << "</lst>[\n]"
2019-09-29 11:30:44,018 [http-bio-8083-exec-1] [org.apache.http.wire]-[DEBUG] http-outgoing-0 << "</response>[\n]"
2019-09-29 11:30:44,018 [http-bio-8083-exec-1] [org.apache.http.wire]-[DEBUG] http-outgoing-0 << "[\r][\n]"
2019-09-29 11:30:44,018 [http-bio-8083-exec-1] [org.apache.http.wire]-[DEBUG] http-outgoing-0 << "0[\r][\n]"
2019-09-29 11:30:44,018 [http-bio-8083-exec-1] [org.apache.http.wire]-[DEBUG] http-outgoing-0 << "[\r][\n]"
2019-09-29 11:30:44,019 [http-bio-8083-exec-1] [org.apache.http.impl.conn.PoolingHttpClientConnectionManager]-[DEBUG] Connection [id: 0][route: {}->http://192.168.10.40:8080][state: class org.apache.solr.client.solrj.impl.HttpSolrClient] can be kept alive indefinitely
2019-09-29 11:30:44,019 [http-bio-8083-exec-1] [org.apache.http.impl.conn.DefaultManagedHttpClientConnection]-[DEBUG] http-outgoing-0: set socket timeout to 0
2019-09-29 11:30:44,019 [http-bio-8083-exec-1] [org.apache.http.impl.conn.PoolingHttpClientConnectionManager]-[DEBUG] Connection released: [id: 0][route: {}->http://192.168.10.40:8080][state: class org.apache.solr.client.solrj.impl.HttpSolrClient][total kept alive: 1; route allocated: 1 of 10000; total allocated: 1 of 10000]
2019-09-29 11:30:44,153 [http-bio-8083-exec-1] [org.springframework.web.servlet.mvc.method.annotation.RequestResponseBodyMethodProcessor]-[DEBUG] Using 'application/json', given [*/*] and supported [application/json, application/*+json]
2019-09-29 11:30:44,157 [http-bio-8083-exec-1] [org.springframework.web.servlet.mvc.method.annotation.RequestResponseBodyMethodProcessor]-[DEBUG] Writing [com.taotao.common.pojo.TaotaoResult@38b99edc]
2019-09-29 11:30:44,237 [http-bio-8083-exec-1] [org.springframework.web.servlet.DispatcherServlet]-[DEBUG] Completed 200 OK
2019-09-29 11:31:16,265 [Connection evictor] [org.apache.http.impl.conn.PoolingHttpClientConnectionManager]-[DEBUG] Closing expired connections
2019-09-29 11:31:16,265 [Connection evictor] [org.apache.http.impl.conn.PoolingHttpClientConnectionManager]-[DEBUG] Closing connections idle longer than 50000 MILLISECONDS
2019-09-29 11:32:06,265 [Connection evictor] [org.apache.http.impl.conn.PoolingHttpClientConnectionManager]-[DEBUG] Closing expired connections
2019-09-29 11:32:06,265 [Connection evictor] [org.apache.http.impl.conn.PoolingHttpClientConnectionManager]-[DEBUG] Closing connections idle longer than 50000 MILLISECONDS
2019-09-29 11:32:06,265 [Connection evictor] [org.apache.http.impl.conn.DefaultManagedHttpClientConnection]-[DEBUG] http-outgoing-0: Close connection
2019-09-29 11:32:56,270 [Connection evictor] [org.apache.http.impl.conn.PoolingHttpClientConnectionManager]-[DEBUG] Closing expired connections
2019-09-29 11:32:56,270 [Connection evictor] [org.apache.http.impl.conn.PoolingHttpClientConnectionManager]-[DEBUG] Closing connections idle longer than 50000 MILLISECONDS
2019-09-29 11:33:46,271 [Connection evictor] [org.apache.http.impl.conn.PoolingHttpClientConnectionManager]-[DEBUG] Closing expired connections
2019-09-29 11:33:46,271 [Connection evictor] [org.apache.http.impl.conn.PoolingHttpClientConnectionManager]-[DEBUG] Closing connections idle longer than 50000 MILLISECONDS
2019-09-29 11:34:36,271 [Connection evictor] [org.apache.http.impl.conn.PoolingHttpClientConnectionManager]-[DEBUG] Closing expired connections
2019-09-29 11:34:36,271 [Connection evictor] [org.apache.http.impl.conn.PoolingHttpClientConnectionManager]-[DEBUG] Closing connections idle longer than 50000 MILLISECONDS
2019-09-29 11:35:26,271 [Connection evictor] [org.apache.http.impl.conn.PoolingHttpClientConnectionManager]-[DEBUG] Closing expired connections
2019-09-29 11:35:26,271 [Connection evictor] [org.apache.http.impl.conn.PoolingHttpClientConnectionManager]-[DEBUG] Closing connections idle longer than 50000 MILLISECONDS
2019-09-29 11:36:16,271 [Connection evictor] [org.apache.http.impl.conn.PoolingHttpClientConnectionManager]-[DEBUG] Closing expired connections
2019-09-29 11:36:16,271 [Connection evictor] [org.apache.http.impl.conn.PoolingHttpClientConnectionManager]-[DEBUG] Closing connections idle longer than 50000 MILLISECONDS
2019-09-29 11:37:06,272 [Connection evictor] [org.apache.http.impl.conn.PoolingHttpClientConnectionManager]-[DEBUG] Closing expired connections
2019-09-29 11:37:06,272 [Connection evictor] [org.apache.http.impl.conn.PoolingHttpClientConnectionManager]-[DEBUG] Closing connections idle longer than 50000 MILLISECONDS
2019-09-29 11:37:56,273 [Connection evictor] [org.apache.http.impl.conn.PoolingHttpClientConnectionManager]-[DEBUG] Closing expired connections
2019-09-29 11:37:56,273 [Connection evictor] [org.apache.http.impl.conn.PoolingHttpClientConnectionManager]-[DEBUG] Closing connections idle longer than 50000 MILLISECONDS
2019-09-29 11:38:46,273 [Connection evictor] [org.apache.http.impl.conn.PoolingHttpClientConnectionManager]-[DEBUG] Closing expired connections
2019-09-29 11:38:46,273 [Connection evictor] [org.apache.http.impl.conn.PoolingHttpClientConnectionManager]-[DEBUG] Closing connections idle longer than 50000 MILLISECONDS
2019-09-29 11:39:36,273 [Connection evictor] [org.apache.http.impl.conn.PoolingHttpClientConnectionManager]-[DEBUG] Closing expired connections
2019-09-29 11:39:36,273 [Connection evictor] [org.apache.http.impl.conn.PoolingHttpClientConnectionManager]-[DEBUG] Closing connections idle longer than 50000 MILLISECONDS
2019-09-29 11:40:26,274 [Connection evictor] [org.apache.http.impl.conn.PoolingHttpClientConnectionManager]-[DEBUG] Closing expired connections
2019-09-29 11:40:26,274 [Connection evictor] [org.apache.http.impl.conn.PoolingHttpClientConnectionManager]-[DEBUG] Closing connections idle longer than 50000 MILLISECONDS
2019-09-29 11:41:16,274 [Connection evictor] [org.apache.http.impl.conn.PoolingHttpClientConnectionManager]-[DEBUG] Closing expired connections
2019-09-29 11:41:16,274 [Connection evictor] [org.apache.http.impl.conn.PoolingHttpClientConnectionManager]-[DEBUG] Closing connections idle longer than 50000 MILLISECONDS
2019-09-29 11:42:06,274 [Connection evictor] [org.apache.http.impl.conn.PoolingHttpClientConnectionManager]-[DEBUG] Closing expired connections
2019-09-29 11:42:06,274 [Connection evictor] [org.apache.http.impl.conn.PoolingHttpClientConnectionManager]-[DEBUG] Closing connections idle longer than 50000 MILLISECONDS
2019-09-29 11:42:56,275 [Connection evictor] [org.apache.http.impl.conn.PoolingHttpClientConnectionManager]-[DEBUG] Closing expired connections
2019-09-29 11:42:56,275 [Connection evictor] [org.apache.http.impl.conn.PoolingHttpClientConnectionManager]-[DEBUG] Closing connections idle longer than 50000 MILLISECONDS
2019-09-29 11:43:46,276 [Connection evictor] [org.apache.http.impl.conn.PoolingHttpClientConnectionManager]-[DEBUG] Closing expired connections
2019-09-29 11:43:46,277 [Connection evictor] [org.apache.http.impl.conn.PoolingHttpClientConnectionManager]-[DEBUG] Closing connections idle longer than 50000 MILLISECONDS
2019-09-29 11:44:36,277 [Connection evictor] [org.apache.http.impl.conn.PoolingHttpClientConnectionManager]-[DEBUG] Closing expired connections
2019-09-29 11:44:36,277 [Connection evictor] [org.apache.http.impl.conn.PoolingHttpClientConnectionManager]-[DEBUG] Closing connections idle longer than 50000 MILLISECONDS
2019-09-29 11:45:26,278 [Connection evictor] [org.apache.http.impl.conn.PoolingHttpClientConnectionManager]-[DEBUG] Closing expired connections
2019-09-29 11:45:26,278 [Connection evictor] [org.apache.http.impl.conn.PoolingHttpClientConnectionManager]-[DEBUG] Closing connections idle longer than 50000 MILLISECONDS
2019-09-29 11:46:16,278 [Connection evictor] [org.apache.http.impl.conn.PoolingHttpClientConnectionManager]-[DEBUG] Closing expired connections
2019-09-29 11:46:16,278 [Connection evictor] [org.apache.http.impl.conn.PoolingHttpClientConnectionManager]-[DEBUG] Closing connections idle longer than 50000 MILLISECONDS
2019-09-29 11:47:06,279 [Connection evictor] [org.apache.http.impl.conn.PoolingHttpClientConnectionManager]-[DEBUG] Closing expired connections
2019-09-29 11:47:06,279 [Connection evictor] [org.apache.http.impl.conn.PoolingHttpClientConnectionManager]-[DEBUG] Closing connections idle longer than 50000 MILLISECONDS
2019-09-29 11:47:56,279 [Connection evictor] [org.apache.http.impl.conn.PoolingHttpClientConnectionManager]-[DEBUG] Closing expired connections
2019-09-29 11:47:56,279 [Connection evictor] [org.apache.http.impl.conn.PoolingHttpClientConnectionManager]-[DEBUG] Closing connections idle longer than 50000 MILLISECONDS
2019-09-29 11:48:46,280 [Connection evictor] [org.apache.http.impl.conn.PoolingHttpClientConnectionManager]-[DEBUG] Closing expired connections
2019-09-29 11:48:46,280 [Connection evictor] [org.apache.http.impl.conn.PoolingHttpClientConnectionManager]-[DEBUG] Closing connections idle longer than 50000 MILLISECONDS
2019-09-29 11:49:36,280 [Connection evictor] [org.apache.http.impl.conn.PoolingHttpClientConnectionManager]-[DEBUG] Closing expired connections
2019-09-29 11:49:36,280 [Connection evictor] [org.apache.http.impl.conn.PoolingHttpClientConnectionManager]-[DEBUG] Closing connections idle longer than 50000 MILLISECONDS
2019-09-29 11:50:26,281 [Connection evictor] [org.apache.http.impl.conn.PoolingHttpClientConnectionManager]-[DEBUG] Closing expired connections
2019-09-29 11:50:26,281 [Connection evictor] [org.apache.http.impl.conn.PoolingHttpClientConnectionManager]-[DEBUG] Closing connections idle longer than 50000 MILLISECONDS
2019-09-29 11:51:16,282 [Connection evictor] [org.apache.http.impl.conn.PoolingHttpClientConnectionManager]-[DEBUG] Closing expired connections
2019-09-29 11:51:16,282 [Connection evictor] [org.apache.http.impl.conn.PoolingHttpClientConnectionManager]-[DEBUG] Closing connections idle longer than 50000 MILLISECONDS
2019-09-29 11:52:06,283 [Connection evictor] [org.apache.http.impl.conn.PoolingHttpClientConnectionManager]-[DEBUG] Closing expired connections
2019-09-29 11:52:06,283 [Connection evictor] [org.apache.http.impl.conn.PoolingHttpClientConnectionManager]-[DEBUG] Closing connections idle longer than 50000 MILLISECONDS
