2019-09-29 11:27:10,536 [localhost-startStop-1] [org.springframework.beans.factory.support.DefaultListableBeanFactory]-[DEBUG] Creating shared instance of singleton bean 'org.springframework.web.servlet.handler.MappedInterceptor#0'
2019-09-29 11:27:10,538 [localhost-startStop-1] [org.springframework.beans.factory.support.DefaultListableBeanFactory]-[DEBUG] Creating shared instance of singleton bean 'org.springframework.format.support.FormattingConversionServiceFactoryBean#0'
2019-09-29 11:27:10,687 [localhost-startStop-1] [org.springframework.beans.factory.support.DefaultListableBeanFactory]-[DEBUG] Creating shared instance of singleton bean 'org.springframework.web.servlet.handler.MappedInterceptor#1'
2019-09-29 11:27:10,738 [localhost-startStop-1] [org.springframework.web.servlet.mvc.method.annotation.RequestMappingHandlerMapping]-[DEBUG] 6 mappings in 'org.springframework.web.servlet.mvc.method.annotation.RequestMappingHandlerMapping'
2019-09-29 11:27:10,773 [localhost-startStop-1] [org.springframework.beans.factory.support.DefaultListableBeanFactory]-[DEBUG] Creating shared instance of singleton bean 'org.springframework.web.servlet.mvc.method.annotation.RequestMappingHandlerAdapter'
2019-09-29 11:27:11,833 [localhost-startStop-1] [org.springframework.web.servlet.mvc.method.annotation.RequestMappingHandlerAdapter]-[DEBUG] ControllerAdvice beans: 0 @ModelAttribute, 0 @InitBinder, 1 RequestBodyAdvice, 1 ResponseBodyAdvice
2019-09-29 11:27:11,869 [localhost-startStop-1] [org.springframework.beans.factory.support.DefaultListableBeanFactory]-[DEBUG] Creating shared instance of singleton bean 'mvcUriComponentsContributor'
2019-09-29 11:27:11,889 [localhost-startStop-1] [org.springframework.web.servlet.mvc.method.annotation.RequestMappingHandlerAdapter]-[DEBUG] ControllerAdvice beans: 0 @ModelAttribute, 0 @InitBinder, 1 RequestBodyAdvice, 1 ResponseBodyAdvice
2019-09-29 11:27:11,896 [localhost-startStop-1] [org.springframework.beans.factory.support.DefaultListableBeanFactory]-[DEBUG] Creating shared instance of singleton bean 'org.springframework.web.servlet.mvc.method.annotation.ExceptionHandlerExceptionResolver#0'
2019-09-29 11:27:11,924 [localhost-startStop-1] [org.springframework.web.servlet.mvc.method.annotation.ExceptionHandlerExceptionResolver]-[DEBUG] ControllerAdvice beans: 0 @ExceptionHandler, 1 ResponseBodyAdvice
2019-09-29 11:27:11,926 [localhost-startStop-1] [org.springframework.beans.factory.support.DefaultListableBeanFactory]-[DEBUG] Creating shared instance of singleton bean 'org.springframework.web.servlet.mvc.annotation.ResponseStatusExceptionResolver#0'
2019-09-29 11:27:11,929 [localhost-startStop-1] [org.springframework.beans.factory.support.DefaultListableBeanFactory]-[DEBUG] Creating shared instance of singleton bean 'org.springframework.web.servlet.mvc.support.DefaultHandlerExceptionResolver#0'
2019-09-29 11:27:11,934 [localhost-startStop-1] [org.springframework.beans.factory.support.DefaultListableBeanFactory]-[DEBUG] Creating shared instance of singleton bean 'org.springframework.web.servlet.handler.BeanNameUrlHandlerMapping'
2019-09-29 11:27:11,942 [localhost-startStop-1] [org.springframework.beans.factory.support.DefaultListableBeanFactory]-[DEBUG] Creating shared instance of singleton bean 'org.springframework.web.servlet.mvc.HttpRequestHandlerAdapter'
2019-09-29 11:27:11,942 [localhost-startStop-1] [org.springframework.beans.factory.support.DefaultListableBeanFactory]-[DEBUG] Creating shared instance of singleton bean 'org.springframework.web.servlet.mvc.SimpleControllerHandlerAdapter'
2019-09-29 11:27:11,942 [localhost-startStop-1] [org.springframework.beans.factory.support.DefaultListableBeanFactory]-[DEBUG] Creating shared instance of singleton bean 'org.springframework.web.servlet.view.InternalResourceViewResolver#0'
2019-09-29 11:27:11,962 [localhost-startStop-1] [org.springframework.beans.factory.support.DefaultListableBeanFactory]-[DEBUG] Creating shared instance of singleton bean 'mvcResourceUrlProvider'
2019-09-29 11:27:11,964 [localhost-startStop-1] [org.springframework.beans.factory.support.DefaultListableBeanFactory]-[DEBUG] Creating shared instance of singleton bean 'mvcPathMatcher'
2019-09-29 11:27:11,964 [localhost-startStop-1] [org.springframework.beans.factory.support.DefaultListableBeanFactory]-[DEBUG] Creating shared instance of singleton bean 'mvcUrlPathHelper'
2019-09-29 11:27:11,969 [localhost-startStop-1] [org.springframework.beans.factory.support.DefaultListableBeanFactory]-[DEBUG] Creating shared instance of singleton bean 'org.springframework.web.servlet.resource.ResourceHttpRequestHandler#0'
2019-09-29 11:27:11,985 [localhost-startStop-1] [org.springframework.beans.factory.support.DefaultListableBeanFactory]-[DEBUG] Creating shared instance of singleton bean 'org.springframework.web.servlet.handler.SimpleUrlHandlerMapping#0'
2019-09-29 11:27:12,002 [localhost-startStop-1] [org.springframework.web.servlet.handler.SimpleUrlHandlerMapping]-[DEBUG] Patterns [/css/**] in 'org.springframework.web.servlet.handler.SimpleUrlHandlerMapping#0'
2019-09-29 11:27:12,002 [localhost-startStop-1] [org.springframework.beans.factory.support.DefaultListableBeanFactory]-[DEBUG] Creating shared instance of singleton bean 'org.springframework.web.servlet.resource.ResourceHttpRequestHandler#1'
2019-09-29 11:27:12,007 [localhost-startStop-1] [org.springframework.beans.factory.support.DefaultListableBeanFactory]-[DEBUG] Creating shared instance of singleton bean 'org.springframework.web.servlet.handler.SimpleUrlHandlerMapping#1'
2019-09-29 11:27:12,015 [localhost-startStop-1] [org.springframework.web.servlet.handler.SimpleUrlHandlerMapping]-[DEBUG] Patterns [/js/**] in 'org.springframework.web.servlet.handler.SimpleUrlHandlerMapping#1'
2019-09-29 11:27:12,015 [localhost-startStop-1] [org.springframework.beans.factory.support.DefaultListableBeanFactory]-[DEBUG] Creating shared instance of singleton bean 'org.springframework.web.servlet.resource.ResourceHttpRequestHandler#2'
2019-09-29 11:27:12,020 [localhost-startStop-1] [org.springframework.beans.factory.support.DefaultListableBeanFactory]-[DEBUG] Creating shared instance of singleton bean 'org.springframework.web.servlet.handler.SimpleUrlHandlerMapping#2'
2019-09-29 11:27:12,022 [localhost-startStop-1] [org.springframework.web.servlet.handler.SimpleUrlHandlerMapping]-[DEBUG] Patterns [/images/**] in 'org.springframework.web.servlet.handler.SimpleUrlHandlerMapping#2'
2019-09-29 11:27:12,038 [localhost-startStop-1] [org.springframework.jndi.JndiTemplate]-[DEBUG] Looking up JNDI object with name [java:comp/env/spring.liveBeansView.mbeanDomain]
2019-09-29 11:27:12,038 [localhost-startStop-1] [org.springframework.jndi.JndiLocatorDelegate]-[DEBUG] Converted JNDI name [java:comp/env/spring.liveBeansView.mbeanDomain] not found - trying original name [spring.liveBeansView.mbeanDomain]. javax.naming.NameNotFoundException: Name [spring.liveBeansView.mbeanDomain] is not bound in this Context. Unable to find [spring.liveBeansView.mbeanDomain].
2019-09-29 11:27:12,040 [localhost-startStop-1] [org.springframework.jndi.JndiTemplate]-[DEBUG] Looking up JNDI object with name [spring.liveBeansView.mbeanDomain]
2019-09-29 11:27:12,043 [localhost-startStop-1] [org.springframework.jndi.JndiPropertySource]-[DEBUG] JNDI lookup for name [spring.liveBeansView.mbeanDomain] threw NamingException with message: Name [spring.liveBeansView.mbeanDomain] is not bound in this Context. Unable to find [spring.liveBeansView.mbeanDomain].. Returning null.
2019-09-29 11:27:12,050 [localhost-startStop-1] [org.springframework.web.servlet.DispatcherServlet]-[DEBUG] enableLoggingRequestDetails='false': request parameters and headers will be masked to prevent unsafe logging of potentially sensitive data
2019-09-29 11:27:12,050 [localhost-startStop-1] [org.springframework.web.servlet.DispatcherServlet]-[INFO] Completed initialization in 1866 ms
2019-09-29 11:30:03,655 [http-bio-8084-exec-1] [org.springframework.web.servlet.DispatcherServlet]-[DEBUG] GET "/favicon.ico", parameters={}
2019-09-29 11:30:03,674 [http-bio-8084-exec-1] [org.springframework.web.servlet.PageNotFound]-[WARN] No mapping for GET /favicon.ico
2019-09-29 11:30:03,678 [http-bio-8084-exec-1] [org.springframework.web.servlet.DispatcherServlet]-[DEBUG] Completed 404 NOT_FOUND
2019-09-29 11:32:17,444 [http-bio-8084-exec-3] [org.springframework.web.servlet.DispatcherServlet]-[DEBUG] GET "/user/token/null", parameters={}
2019-09-29 11:32:17,456 [http-bio-8084-exec-3] [org.springframework.web.servlet.mvc.method.annotation.RequestMappingHandlerMapping]-[DEBUG] Mapped to public java.lang.Object com.taotao.sso.controller.UserController.getUserByToken(java.lang.String,java.lang.String)
2019-09-29 11:32:17,808 [http-bio-8084-exec-3] [org.springframework.web.servlet.mvc.method.annotation.RequestResponseBodyMethodProcessor]-[DEBUG] Using 'application/json', given [*/*] and supported [application/json, application/*+json]
2019-09-29 11:32:17,810 [http-bio-8084-exec-3] [org.springframework.web.servlet.mvc.method.annotation.RequestResponseBodyMethodProcessor]-[DEBUG] Writing [com.taotao.common.pojo.TaotaoResult@125cfb29]
2019-09-29 11:32:17,836 [http-bio-8084-exec-3] [org.springframework.web.servlet.DispatcherServlet]-[DEBUG] Completed 200 OK
2019-09-29 11:32:17,846 [http-bio-8084-exec-5] [org.springframework.web.servlet.DispatcherServlet]-[DEBUG] GET "/user/showLogin?redirect=http://localhost:8082/order/order-cart.html", parameters={masked}
2019-09-29 11:32:17,847 [http-bio-8084-exec-5] [org.springframework.web.servlet.mvc.method.annotation.RequestMappingHandlerMapping]-[DEBUG] Mapped to public java.lang.String com.taotao.sso.controller.PageController.showLogin(java.lang.String,org.springframework.ui.Model)
2019-09-29 11:32:17,894 [http-bio-8084-exec-5] [org.springframework.web.servlet.view.InternalResourceView]-[DEBUG] View name 'login', model {redirect=http://localhost:8082/order/order-cart.html}
2019-09-29 11:32:17,899 [http-bio-8084-exec-5] [org.springframework.web.servlet.view.InternalResourceView]-[DEBUG] Forwarding to [/WEB-INF/jsp/login.jsp]
2019-09-29 11:32:18,764 [http-bio-8084-exec-5] [org.springframework.web.servlet.DispatcherServlet]-[DEBUG] Completed 200 OK
2019-09-29 11:32:18,797 [http-bio-8084-exec-6] [org.springframework.web.servlet.DispatcherServlet]-[DEBUG] GET "/css/login.css", parameters={}
2019-09-29 11:32:18,805 [http-bio-8084-exec-6] [org.springframework.web.servlet.handler.SimpleUrlHandlerMapping]-[DEBUG] Mapped to ResourceHttpRequestHandler ["/WEB-INF/css/"]
2019-09-29 11:32:18,805 [http-bio-8084-exec-7] [org.springframework.web.servlet.DispatcherServlet]-[DEBUG] GET "/js/jquery-1.6.4.js", parameters={}
2019-09-29 11:32:18,809 [http-bio-8084-exec-7] [org.springframework.web.servlet.handler.SimpleUrlHandlerMapping]-[DEBUG] Mapped to ResourceHttpRequestHandler ["/WEB-INF/js/"]
2019-09-29 11:32:18,874 [http-bio-8084-exec-7] [org.springframework.web.servlet.DispatcherServlet]-[DEBUG] Completed 200 OK
2019-09-29 11:32:18,874 [http-bio-8084-exec-6] [org.springframework.web.servlet.DispatcherServlet]-[DEBUG] Completed 200 OK
2019-09-29 11:32:18,880 [http-bio-8084-exec-8] [org.springframework.web.servlet.DispatcherServlet]-[DEBUG] GET "/images/taotao-logo.gif", parameters={}
2019-09-29 11:32:18,885 [http-bio-8084-exec-8] [org.springframework.web.servlet.handler.SimpleUrlHandlerMapping]-[DEBUG] Mapped to ResourceHttpRequestHandler ["/WEB-INF/images/"]
2019-09-29 11:32:18,914 [http-bio-8084-exec-8] [org.springframework.web.servlet.DispatcherServlet]-[DEBUG] Completed 200 OK
2019-09-29 11:32:18,941 [http-bio-8084-exec-10] [org.springframework.web.servlet.DispatcherServlet]-[DEBUG] GET "/images/login-all-bg.png", parameters={}
2019-09-29 11:32:18,942 [http-bio-8084-exec-9] [org.springframework.web.servlet.DispatcherServlet]-[DEBUG] GET "/images/544a11d3Na5a3d566.png", parameters={}
2019-09-29 11:32:18,942 [http-bio-8084-exec-10] [org.springframework.web.servlet.handler.SimpleUrlHandlerMapping]-[DEBUG] Mapped to ResourceHttpRequestHandler ["/WEB-INF/images/"]
2019-09-29 11:32:19,002 [http-bio-8084-exec-10] [org.springframework.web.servlet.DispatcherServlet]-[DEBUG] Completed 200 OK
2019-09-29 11:32:19,133 [http-bio-8084-exec-9] [org.springframework.web.servlet.handler.SimpleUrlHandlerMapping]-[DEBUG] Mapped to ResourceHttpRequestHandler ["/WEB-INF/images/"]
2019-09-29 11:32:19,156 [http-bio-8084-exec-9] [org.springframework.web.servlet.DispatcherServlet]-[DEBUG] Completed 200 OK
2019-09-29 11:32:31,315 [http-bio-8084-exec-9] [org.springframework.web.servlet.DispatcherServlet]-[DEBUG] POST "/user/login", parameters={masked}
2019-09-29 11:32:31,316 [http-bio-8084-exec-9] [org.springframework.web.servlet.mvc.method.annotation.RequestMappingHandlerMapping]-[DEBUG] Mapped to public com.taotao.common.pojo.TaotaoResult com.taotao.sso.controller.UserController.userLogin(java.lang.String,java.lang.String,javax.servlet.http.HttpServletRequest,javax.servlet.http.HttpServletResponse)
2019-09-29 11:32:31,339 [http-bio-8084-exec-9] [org.mybatis.spring.SqlSessionUtils]-[DEBUG] Creating a new SqlSession
2019-09-29 11:32:31,354 [http-bio-8084-exec-9] [org.mybatis.spring.SqlSessionUtils]-[DEBUG] SqlSession [org.apache.ibatis.session.defaults.DefaultSqlSession@6270cb7e] was not registered for synchronization because synchronization is not active
2019-09-29 11:32:31,397 [http-bio-8084-exec-9] [org.springframework.jdbc.datasource.DataSourceUtils]-[DEBUG] Fetching JDBC Connection from DataSource
2019-09-29 11:32:31,499 [http-bio-8084-exec-9] [com.alibaba.druid.pool.DruidDataSource]-[INFO] {dataSource-1} inited
2019-09-29 11:32:31,742 [http-bio-8084-exec-9] [org.mybatis.spring.transaction.SpringManagedTransaction]-[DEBUG] JDBC Connection [com.mysql.cj.jdbc.ConnectionImpl@36cff567] will not be managed by Spring
2019-09-29 11:32:31,750 [http-bio-8084-exec-9] [com.taotao.mapper.UserMapper.selectByExample]-[DEBUG] ==>  Preparing: select id, username, password, phone, email, created, updated from tb_user WHERE ( username = ? ) 
2019-09-29 11:32:31,801 [http-bio-8084-exec-9] [com.taotao.mapper.UserMapper.selectByExample]-[DEBUG] ==> Parameters: wangwu(String)
2019-09-29 11:32:31,969 [http-bio-8084-exec-9] [com.taotao.mapper.UserMapper.selectByExample]-[DEBUG] <==      Total: 1
2019-09-29 11:32:31,977 [http-bio-8084-exec-9] [org.mybatis.spring.SqlSessionUtils]-[DEBUG] Closing non transactional SqlSession [org.apache.ibatis.session.defaults.DefaultSqlSession@6270cb7e]
2019-09-29 11:32:31,981 [http-bio-8084-exec-9] [org.springframework.web.servlet.mvc.method.annotation.RequestResponseBodyMethodProcessor]-[DEBUG] Using 'application/json', given [*/*] and supported [application/json, application/*+json]
2019-09-29 11:32:31,981 [http-bio-8084-exec-9] [org.springframework.web.servlet.mvc.method.annotation.RequestResponseBodyMethodProcessor]-[DEBUG] Writing [com.taotao.common.pojo.TaotaoResult@250c3aec]
2019-09-29 11:32:31,981 [http-bio-8084-exec-9] [org.springframework.web.servlet.DispatcherServlet]-[DEBUG] Completed 200 OK
2019-09-29 11:33:53,103 [http-bio-8084-exec-4] [org.springframework.web.servlet.DispatcherServlet]-[DEBUG] POST "/user/login", parameters={masked}
2019-09-29 11:33:53,104 [http-bio-8084-exec-4] [org.springframework.web.servlet.mvc.method.annotation.RequestMappingHandlerMapping]-[DEBUG] Mapped to public com.taotao.common.pojo.TaotaoResult com.taotao.sso.controller.UserController.userLogin(java.lang.String,java.lang.String,javax.servlet.http.HttpServletRequest,javax.servlet.http.HttpServletResponse)
2019-09-29 11:33:53,105 [http-bio-8084-exec-4] [org.mybatis.spring.SqlSessionUtils]-[DEBUG] Creating a new SqlSession
2019-09-29 11:33:53,106 [http-bio-8084-exec-4] [org.mybatis.spring.SqlSessionUtils]-[DEBUG] SqlSession [org.apache.ibatis.session.defaults.DefaultSqlSession@317d2172] was not registered for synchronization because synchronization is not active
2019-09-29 11:33:53,107 [http-bio-8084-exec-4] [org.springframework.jdbc.datasource.DataSourceUtils]-[DEBUG] Fetching JDBC Connection from DataSource
2019-09-29 11:33:53,187 [http-bio-8084-exec-4] [org.mybatis.spring.transaction.SpringManagedTransaction]-[DEBUG] JDBC Connection [com.mysql.cj.jdbc.ConnectionImpl@36cff567] will not be managed by Spring
2019-09-29 11:33:53,188 [http-bio-8084-exec-4] [com.taotao.mapper.UserMapper.selectByExample]-[DEBUG] ==>  Preparing: select id, username, password, phone, email, created, updated from tb_user WHERE ( username = ? ) 
2019-09-29 11:33:53,188 [http-bio-8084-exec-4] [com.taotao.mapper.UserMapper.selectByExample]-[DEBUG] ==> Parameters: wangwu(String)
2019-09-29 11:33:53,191 [http-bio-8084-exec-4] [com.taotao.mapper.UserMapper.selectByExample]-[DEBUG] <==      Total: 1
2019-09-29 11:33:53,191 [http-bio-8084-exec-4] [org.mybatis.spring.SqlSessionUtils]-[DEBUG] Closing non transactional SqlSession [org.apache.ibatis.session.defaults.DefaultSqlSession@317d2172]
2019-09-29 11:33:53,221 [http-bio-8084-exec-4] [org.springframework.web.servlet.mvc.method.annotation.RequestResponseBodyMethodProcessor]-[DEBUG] Using 'application/json', given [*/*] and supported [application/json, application/*+json]
2019-09-29 11:33:53,222 [http-bio-8084-exec-4] [org.springframework.web.servlet.mvc.method.annotation.RequestResponseBodyMethodProcessor]-[DEBUG] Writing [com.taotao.common.pojo.TaotaoResult@77dcb8ee]
2019-09-29 11:33:53,222 [http-bio-8084-exec-4] [org.springframework.web.servlet.DispatcherServlet]-[DEBUG] Completed 200 OK
2019-09-29 11:33:54,743 [http-bio-8084-exec-6] [org.springframework.web.servlet.DispatcherServlet]-[DEBUG] GET "/user/token/2a2949ba-cdc4-4988-afa9-92ea6436d9e1", parameters={}
2019-09-29 11:33:54,744 [http-bio-8084-exec-6] [org.springframework.web.servlet.mvc.method.annotation.RequestMappingHandlerMapping]-[DEBUG] Mapped to public java.lang.Object com.taotao.sso.controller.UserController.getUserByToken(java.lang.String,java.lang.String)
2019-09-29 11:33:54,910 [http-bio-8084-exec-6] [org.springframework.web.servlet.mvc.method.annotation.RequestResponseBodyMethodProcessor]-[DEBUG] Using 'application/json', given [*/*] and supported [application/json, application/*+json]
2019-09-29 11:33:54,910 [http-bio-8084-exec-6] [org.springframework.web.servlet.mvc.method.annotation.RequestResponseBodyMethodProcessor]-[DEBUG] Writing [com.taotao.common.pojo.TaotaoResult@35fc549b]
2019-09-29 11:33:54,919 [http-bio-8084-exec-6] [org.springframework.web.servlet.DispatcherServlet]-[DEBUG] Completed 200 OK
2019-09-29 11:33:55,883 [http-bio-8084-exec-4] [org.springframework.web.servlet.DispatcherServlet]-[DEBUG] GET "/user/token/2a2949ba-cdc4-4988-afa9-92ea6436d9e1?callback=jQuery2820480&_=1569728035878", parameters={masked}
2019-09-29 11:33:55,893 [http-bio-8084-exec-4] [org.springframework.web.servlet.mvc.method.annotation.RequestMappingHandlerMapping]-[DEBUG] Mapped to public java.lang.Object com.taotao.sso.controller.UserController.getUserByToken(java.lang.String,java.lang.String)
2019-09-29 11:33:56,019 [http-bio-8084-exec-4] [org.springframework.web.servlet.mvc.method.annotation.RequestResponseBodyMethodProcessor]-[DEBUG] Using 'text/plain', given [*/*] and supported [text/plain, */*, application/json, application/*+json]
2019-09-29 11:33:56,070 [http-bio-8084-exec-4] [org.springframework.web.servlet.mvc.method.annotation.RequestResponseBodyMethodProcessor]-[DEBUG] Writing ["jQuery2820480({"status":200,"msg":"OK","data":{"id":37,"username":"wangwu","password":null,"phone": (truncated)...]
2019-09-29 11:33:56,072 [http-bio-8084-exec-4] [org.springframework.web.servlet.DispatcherServlet]-[DEBUG] Completed 200 OK
2019-09-29 11:34:16,999 [http-bio-8084-exec-1] [org.springframework.web.servlet.DispatcherServlet]-[DEBUG] GET "/user/token/2a2949ba-cdc4-4988-afa9-92ea6436d9e1", parameters={}
2019-09-29 11:34:17,000 [http-bio-8084-exec-1] [org.springframework.web.servlet.mvc.method.annotation.RequestMappingHandlerMapping]-[DEBUG] Mapped to public java.lang.Object com.taotao.sso.controller.UserController.getUserByToken(java.lang.String,java.lang.String)
2019-09-29 11:34:17,003 [http-bio-8084-exec-1] [org.springframework.web.servlet.mvc.method.annotation.RequestResponseBodyMethodProcessor]-[DEBUG] Using 'application/json', given [*/*] and supported [application/json, application/*+json]
2019-09-29 11:34:17,003 [http-bio-8084-exec-1] [org.springframework.web.servlet.mvc.method.annotation.RequestResponseBodyMethodProcessor]-[DEBUG] Writing [com.taotao.common.pojo.TaotaoResult@751b1ecd]
2019-09-29 11:34:17,004 [http-bio-8084-exec-1] [org.springframework.web.servlet.DispatcherServlet]-[DEBUG] Completed 200 OK
2019-09-29 11:34:19,867 [http-bio-8084-exec-4] [org.springframework.web.servlet.DispatcherServlet]-[DEBUG] GET "/user/token/2a2949ba-cdc4-4988-afa9-92ea6436d9e1?callback=jQuery3725996&_=1569728059863", parameters={masked}
2019-09-29 11:34:19,895 [http-bio-8084-exec-4] [org.springframework.web.servlet.mvc.method.annotation.RequestMappingHandlerMapping]-[DEBUG] Mapped to public java.lang.Object com.taotao.sso.controller.UserController.getUserByToken(java.lang.String,java.lang.String)
2019-09-29 11:34:19,898 [http-bio-8084-exec-4] [org.springframework.web.servlet.mvc.method.annotation.RequestResponseBodyMethodProcessor]-[DEBUG] Using 'text/plain', given [*/*] and supported [text/plain, */*, application/json, application/*+json]
2019-09-29 11:34:19,898 [http-bio-8084-exec-4] [org.springframework.web.servlet.mvc.method.annotation.RequestResponseBodyMethodProcessor]-[DEBUG] Writing ["jQuery3725996({"status":200,"msg":"OK","data":{"id":37,"username":"wangwu","password":null,"phone": (truncated)...]
2019-09-29 11:34:19,961 [http-bio-8084-exec-4] [org.springframework.web.servlet.DispatcherServlet]-[DEBUG] Completed 200 OK
2019-09-29 11:34:53,021 [http-bio-8084-exec-4] [org.springframework.web.servlet.DispatcherServlet]-[DEBUG] GET "/user/token/2a2949ba-cdc4-4988-afa9-92ea6436d9e1?callback=jQuery9784847&_=1569728093017", parameters={masked}
2019-09-29 11:34:53,022 [http-bio-8084-exec-4] [org.springframework.web.servlet.mvc.method.annotation.RequestMappingHandlerMapping]-[DEBUG] Mapped to public java.lang.Object com.taotao.sso.controller.UserController.getUserByToken(java.lang.String,java.lang.String)
2019-09-29 11:34:53,072 [http-bio-8084-exec-4] [org.springframework.web.servlet.mvc.method.annotation.RequestResponseBodyMethodProcessor]-[DEBUG] Using 'text/plain', given [*/*] and supported [text/plain, */*, application/json, application/*+json]
2019-09-29 11:34:53,072 [http-bio-8084-exec-4] [org.springframework.web.servlet.mvc.method.annotation.RequestResponseBodyMethodProcessor]-[DEBUG] Writing ["jQuery9784847({"status":200,"msg":"OK","data":{"id":37,"username":"wangwu","password":null,"phone": (truncated)...]
2019-09-29 11:34:53,074 [http-bio-8084-exec-4] [org.springframework.web.servlet.DispatcherServlet]-[DEBUG] Completed 200 OK
2019-09-29 11:35:02,571 [http-bio-8084-exec-4] [org.springframework.web.servlet.DispatcherServlet]-[DEBUG] GET "/user/token/2a2949ba-cdc4-4988-afa9-92ea6436d9e1?callback=jQuery7554377&_=1569728102508", parameters={masked}
2019-09-29 11:35:02,604 [http-bio-8084-exec-4] [org.springframework.web.servlet.mvc.method.annotation.RequestMappingHandlerMapping]-[DEBUG] Mapped to public java.lang.Object com.taotao.sso.controller.UserController.getUserByToken(java.lang.String,java.lang.String)
2019-09-29 11:35:02,613 [http-bio-8084-exec-4] [org.springframework.web.servlet.mvc.method.annotation.RequestResponseBodyMethodProcessor]-[DEBUG] Using 'text/plain', given [*/*] and supported [text/plain, */*, application/json, application/*+json]
2019-09-29 11:35:02,613 [http-bio-8084-exec-4] [org.springframework.web.servlet.mvc.method.annotation.RequestResponseBodyMethodProcessor]-[DEBUG] Writing ["jQuery7554377({"status":200,"msg":"OK","data":{"id":37,"username":"wangwu","password":null,"phone": (truncated)...]
2019-09-29 11:35:02,614 [http-bio-8084-exec-4] [org.springframework.web.servlet.DispatcherServlet]-[DEBUG] Completed 200 OK
