2019-09-29 11:27:38,015 [localhost-startStop-1] [org.mybatis.spring.mapper.ClassPathMapperScanner]-[DEBUG] Identified candidate component class: URL [jar:file:/F:/mvn/repo/com/taotao/taotao-manager-mapper/0.0.1-SNAPSHOT/taotao-manager-mapper-0.0.1-SNAPSHOT.jar!/com/taotao/mapper/OrderItemMapper.class]
2019-09-29 11:27:38,019 [localhost-startStop-1] [org.mybatis.spring.mapper.ClassPathMapperScanner]-[DEBUG] Identified candidate component class: URL [jar:file:/F:/mvn/repo/com/taotao/taotao-manager-mapper/0.0.1-SNAPSHOT/taotao-manager-mapper-0.0.1-SNAPSHOT.jar!/com/taotao/mapper/OrderMapper.class]
2019-09-29 11:27:38,019 [localhost-startStop-1] [org.mybatis.spring.mapper.ClassPathMapperScanner]-[DEBUG] Identified candidate component class: URL [jar:file:/F:/mvn/repo/com/taotao/taotao-manager-mapper/0.0.1-SNAPSHOT/taotao-manager-mapper-0.0.1-SNAPSHOT.jar!/com/taotao/mapper/OrderShippingMapper.class]
2019-09-29 11:27:38,022 [localhost-startStop-1] [org.mybatis.spring.mapper.ClassPathMapperScanner]-[DEBUG] Identified candidate component class: URL [jar:file:/F:/mvn/repo/com/taotao/taotao-manager-mapper/0.0.1-SNAPSHOT/taotao-manager-mapper-0.0.1-SNAPSHOT.jar!/com/taotao/mapper/UserMapper.class]
2019-09-29 11:27:38,022 [localhost-startStop-1] [org.mybatis.spring.mapper.ClassPathMapperScanner]-[DEBUG] Creating MapperFactoryBean with name 'contentCategoryMapper' and 'com.taotao.mapper.ContentCategoryMapper' mapperInterface
2019-09-29 11:27:38,026 [localhost-startStop-1] [org.mybatis.spring.mapper.ClassPathMapperScanner]-[DEBUG] Enabling autowire by type for MapperFactoryBean with name 'contentCategoryMapper'.
2019-09-29 11:27:38,026 [localhost-startStop-1] [org.mybatis.spring.mapper.ClassPathMapperScanner]-[DEBUG] Creating MapperFactoryBean with name 'contentMapper' and 'com.taotao.mapper.ContentMapper' mapperInterface
2019-09-29 11:27:38,026 [localhost-startStop-1] [org.mybatis.spring.mapper.ClassPathMapperScanner]-[DEBUG] Enabling autowire by type for MapperFactoryBean with name 'contentMapper'.
2019-09-29 11:27:38,026 [localhost-startStop-1] [org.mybatis.spring.mapper.ClassPathMapperScanner]-[DEBUG] Creating MapperFactoryBean with name 'itemCatMapper' and 'com.taotao.mapper.ItemCatMapper' mapperInterface
2019-09-29 11:27:38,038 [localhost-startStop-1] [org.mybatis.spring.mapper.ClassPathMapperScanner]-[DEBUG] Enabling autowire by type for MapperFactoryBean with name 'itemCatMapper'.
2019-09-29 11:27:38,038 [localhost-startStop-1] [org.mybatis.spring.mapper.ClassPathMapperScanner]-[DEBUG] Creating MapperFactoryBean with name 'itemDescMapper' and 'com.taotao.mapper.ItemDescMapper' mapperInterface
2019-09-29 11:27:38,042 [localhost-startStop-1] [org.mybatis.spring.mapper.ClassPathMapperScanner]-[DEBUG] Enabling autowire by type for MapperFactoryBean with name 'itemDescMapper'.
2019-09-29 11:27:38,042 [localhost-startStop-1] [org.mybatis.spring.mapper.ClassPathMapperScanner]-[DEBUG] Creating MapperFactoryBean with name 'itemMapper' and 'com.taotao.mapper.ItemMapper' mapperInterface
2019-09-29 11:27:38,042 [localhost-startStop-1] [org.mybatis.spring.mapper.ClassPathMapperScanner]-[DEBUG] Enabling autowire by type for MapperFactoryBean with name 'itemMapper'.
2019-09-29 11:27:38,042 [localhost-startStop-1] [org.mybatis.spring.mapper.ClassPathMapperScanner]-[DEBUG] Creating MapperFactoryBean with name 'itemParamItemMapper' and 'com.taotao.mapper.ItemParamItemMapper' mapperInterface
2019-09-29 11:27:38,042 [localhost-startStop-1] [org.mybatis.spring.mapper.ClassPathMapperScanner]-[DEBUG] Enabling autowire by type for MapperFactoryBean with name 'itemParamItemMapper'.
2019-09-29 11:27:38,042 [localhost-startStop-1] [org.mybatis.spring.mapper.ClassPathMapperScanner]-[DEBUG] Creating MapperFactoryBean with name 'itemParamMapper' and 'com.taotao.mapper.ItemParamMapper' mapperInterface
2019-09-29 11:27:38,042 [localhost-startStop-1] [org.mybatis.spring.mapper.ClassPathMapperScanner]-[DEBUG] Enabling autowire by type for MapperFactoryBean with name 'itemParamMapper'.
2019-09-29 11:27:38,042 [localhost-startStop-1] [org.mybatis.spring.mapper.ClassPathMapperScanner]-[DEBUG] Creating MapperFactoryBean with name 'orderItemMapper' and 'com.taotao.mapper.OrderItemMapper' mapperInterface
2019-09-29 11:27:38,042 [localhost-startStop-1] [org.mybatis.spring.mapper.ClassPathMapperScanner]-[DEBUG] Enabling autowire by type for MapperFactoryBean with name 'orderItemMapper'.
2019-09-29 11:27:38,042 [localhost-startStop-1] [org.mybatis.spring.mapper.ClassPathMapperScanner]-[DEBUG] Creating MapperFactoryBean with name 'orderMapper' and 'com.taotao.mapper.OrderMapper' mapperInterface
2019-09-29 11:27:38,042 [localhost-startStop-1] [org.mybatis.spring.mapper.ClassPathMapperScanner]-[DEBUG] Enabling autowire by type for MapperFactoryBean with name 'orderMapper'.
2019-09-29 11:27:38,046 [localhost-startStop-1] [org.mybatis.spring.mapper.ClassPathMapperScanner]-[DEBUG] Creating MapperFactoryBean with name 'orderShippingMapper' and 'com.taotao.mapper.OrderShippingMapper' mapperInterface
2019-09-29 11:27:38,046 [localhost-startStop-1] [org.mybatis.spring.mapper.ClassPathMapperScanner]-[DEBUG] Enabling autowire by type for MapperFactoryBean with name 'orderShippingMapper'.
2019-09-29 11:27:38,046 [localhost-startStop-1] [org.mybatis.spring.mapper.ClassPathMapperScanner]-[DEBUG] Creating MapperFactoryBean with name 'userMapper' and 'com.taotao.mapper.UserMapper' mapperInterface
2019-09-29 11:27:38,046 [localhost-startStop-1] [org.mybatis.spring.mapper.ClassPathMapperScanner]-[DEBUG] Enabling autowire by type for MapperFactoryBean with name 'userMapper'.
2019-09-29 11:27:38,046 [localhost-startStop-1] [org.springframework.beans.factory.support.DefaultListableBeanFactory]-[DEBUG] Creating shared instance of singleton bean 'org.springframework.context.support.PropertySourcesPlaceholderConfigurer#0'
2019-09-29 11:27:38,073 [localhost-startStop-1] [org.springframework.jndi.JndiTemplate]-[DEBUG] Looking up JNDI object with name [java:comp/env/jdbc.url]
2019-09-29 11:27:38,077 [localhost-startStop-1] [org.springframework.jndi.JndiLocatorDelegate]-[DEBUG] Converted JNDI name [java:comp/env/jdbc.url] not found - trying original name [jdbc.url]. javax.naming.NameNotFoundException: Name [jdbc.url] is not bound in this Context. Unable to find [jdbc.url].
2019-09-29 11:27:38,077 [localhost-startStop-1] [org.springframework.jndi.JndiTemplate]-[DEBUG] Looking up JNDI object with name [jdbc.url]
2019-09-29 11:27:38,077 [localhost-startStop-1] [org.springframework.jndi.JndiPropertySource]-[DEBUG] JNDI lookup for name [jdbc.url] threw NamingException with message: Name [jdbc.url] is not bound in this Context. Unable to find [jdbc.url].. Returning null.
2019-09-29 11:27:38,077 [localhost-startStop-1] [org.springframework.core.env.PropertySourcesPropertyResolver]-[DEBUG] Found key 'jdbc.url' in PropertySource 'localProperties' with value of type String
2019-09-29 11:27:38,077 [localhost-startStop-1] [org.springframework.jndi.JndiTemplate]-[DEBUG] Looking up JNDI object with name [java:comp/env/jdbc.username]
2019-09-29 11:27:38,077 [localhost-startStop-1] [org.springframework.jndi.JndiLocatorDelegate]-[DEBUG] Converted JNDI name [java:comp/env/jdbc.username] not found - trying original name [jdbc.username]. javax.naming.NameNotFoundException: Name [jdbc.username] is not bound in this Context. Unable to find [jdbc.username].
2019-09-29 11:27:38,077 [localhost-startStop-1] [org.springframework.jndi.JndiTemplate]-[DEBUG] Looking up JNDI object with name [jdbc.username]
2019-09-29 11:27:38,077 [localhost-startStop-1] [org.springframework.jndi.JndiPropertySource]-[DEBUG] JNDI lookup for name [jdbc.username] threw NamingException with message: Name [jdbc.username] is not bound in this Context. Unable to find [jdbc.username].. Returning null.
2019-09-29 11:27:38,077 [localhost-startStop-1] [org.springframework.core.env.PropertySourcesPropertyResolver]-[DEBUG] Found key 'jdbc.username' in PropertySource 'localProperties' with value of type String
2019-09-29 11:27:38,081 [localhost-startStop-1] [org.springframework.jndi.JndiTemplate]-[DEBUG] Looking up JNDI object with name [java:comp/env/jdbc.password]
2019-09-29 11:27:38,081 [localhost-startStop-1] [org.springframework.jndi.JndiLocatorDelegate]-[DEBUG] Converted JNDI name [java:comp/env/jdbc.password] not found - trying original name [jdbc.password]. javax.naming.NameNotFoundException: Name [jdbc.password] is not bound in this Context. Unable to find [jdbc.password].
2019-09-29 11:27:38,081 [localhost-startStop-1] [org.springframework.jndi.JndiTemplate]-[DEBUG] Looking up JNDI object with name [jdbc.password]
2019-09-29 11:27:38,081 [localhost-startStop-1] [org.springframework.jndi.JndiPropertySource]-[DEBUG] JNDI lookup for name [jdbc.password] threw NamingException with message: Name [jdbc.password] is not bound in this Context. Unable to find [jdbc.password].. Returning null.
2019-09-29 11:27:38,085 [localhost-startStop-1] [org.springframework.core.env.PropertySourcesPropertyResolver]-[DEBUG] Found key 'jdbc.password' in PropertySource 'localProperties' with value of type String
2019-09-29 11:27:38,085 [localhost-startStop-1] [org.springframework.jndi.JndiTemplate]-[DEBUG] Looking up JNDI object with name [java:comp/env/jdbc.driver]
2019-09-29 11:27:38,085 [localhost-startStop-1] [org.springframework.jndi.JndiLocatorDelegate]-[DEBUG] Converted JNDI name [java:comp/env/jdbc.driver] not found - trying original name [jdbc.driver]. javax.naming.NameNotFoundException: Name [jdbc.driver] is not bound in this Context. Unable to find [jdbc.driver].
2019-09-29 11:27:38,085 [localhost-startStop-1] [org.springframework.jndi.JndiTemplate]-[DEBUG] Looking up JNDI object with name [jdbc.driver]
2019-09-29 11:27:38,085 [localhost-startStop-1] [org.springframework.jndi.JndiPropertySource]-[DEBUG] JNDI lookup for name [jdbc.driver] threw NamingException with message: Name [jdbc.driver] is not bound in this Context. Unable to find [jdbc.driver].. Returning null.
2019-09-29 11:27:38,085 [localhost-startStop-1] [org.springframework.core.env.PropertySourcesPropertyResolver]-[DEBUG] Found key 'jdbc.driver' in PropertySource 'localProperties' with value of type String
2019-09-29 11:27:38,089 [localhost-startStop-1] [org.springframework.beans.factory.support.DefaultListableBeanFactory]-[DEBUG] Creating shared instance of singleton bean 'org.springframework.context.event.internalEventListenerProcessor'
2019-09-29 11:27:38,089 [localhost-startStop-1] [org.springframework.beans.factory.support.DefaultListableBeanFactory]-[DEBUG] Creating shared instance of singleton bean 'org.springframework.context.event.internalEventListenerFactory'
2019-09-29 11:27:38,093 [localhost-startStop-1] [org.springframework.beans.factory.support.DefaultListableBeanFactory]-[DEBUG] Creating shared instance of singleton bean 'org.springframework.context.annotation.internalAutowiredAnnotationProcessor'
2019-09-29 11:27:38,097 [localhost-startStop-1] [org.springframework.beans.factory.support.DefaultListableBeanFactory]-[DEBUG] Creating shared instance of singleton bean 'org.springframework.context.annotation.internalCommonAnnotationProcessor'
2019-09-29 11:27:38,097 [localhost-startStop-1] [org.springframework.beans.factory.support.DefaultListableBeanFactory]-[DEBUG] Creating shared instance of singleton bean 'org.springframework.aop.config.internalAutoProxyCreator'
2019-09-29 11:27:38,175 [localhost-startStop-1] [org.springframework.ui.context.support.UiApplicationContextUtils]-[DEBUG] Unable to locate ThemeSource with name 'themeSource': using default [org.springframework.ui.context.support.ResourceBundleThemeSource@503a6a24]
2019-09-29 11:27:38,175 [localhost-startStop-1] [org.springframework.beans.factory.support.DefaultListableBeanFactory]-[DEBUG] Creating shared instance of singleton bean 'dataSource'
2019-09-29 11:27:38,179 [localhost-startStop-1] [org.springframework.beans.factory.support.DefaultListableBeanFactory]-[DEBUG] Creating shared instance of singleton bean 'org.springframework.aop.support.DefaultBeanFactoryPointcutAdvisor#0'
2019-09-29 11:27:38,708 [localhost-startStop-1] [org.springframework.beans.factory.support.DefaultListableBeanFactory]-[DEBUG] Creating shared instance of singleton bean 'sqlSessionFactory'
2019-09-29 11:27:38,975 [localhost-startStop-1] [org.mybatis.spring.SqlSessionFactoryBean]-[DEBUG] Parsed configuration file: 'class path resource [mybatis/SqlMapConfig.xml]'
2019-09-29 11:27:38,983 [localhost-startStop-1] [org.mybatis.spring.SqlSessionFactoryBean]-[DEBUG] Property 'mapperLocations' was not specified.
2019-09-29 11:27:38,994 [localhost-startStop-1] [org.springframework.beans.factory.support.DefaultListableBeanFactory]-[DEBUG] Creating shared instance of singleton bean 'jedisPoolConfig'
2019-09-29 11:27:39,026 [localhost-startStop-1] [org.springframework.beans.factory.support.DefaultListableBeanFactory]-[DEBUG] Creating shared instance of singleton bean 'redisClient'
2019-09-29 11:27:39,221 [localhost-startStop-1] [org.springframework.beans.factory.support.DefaultListableBeanFactory]-[DEBUG] Creating shared instance of singleton bean 'jedisClient'
2019-09-29 11:27:39,248 [localhost-startStop-1] [org.springframework.beans.factory.support.DefaultListableBeanFactory]-[DEBUG] Creating shared instance of singleton bean 'orderServiceImpl'
2019-09-29 11:27:39,264 [localhost-startStop-1] [org.springframework.beans.factory.support.DefaultListableBeanFactory]-[DEBUG] Creating shared instance of singleton bean 'orderMapper'
2019-09-29 11:27:39,511 [localhost-startStop-1] [org.springframework.beans.factory.support.DefaultListableBeanFactory]-[DEBUG] Creating shared instance of singleton bean 'orderItemMapper'
2019-09-29 11:27:39,621 [localhost-startStop-1] [org.springframework.beans.factory.support.DefaultListableBeanFactory]-[DEBUG] Creating shared instance of singleton bean 'orderShippingMapper'
2019-09-29 11:27:39,650 [localhost-startStop-1] [org.springframework.jndi.JndiTemplate]-[DEBUG] Looking up JNDI object with name [java:comp/env/ORDER_GEN_KEY]
2019-09-29 11:27:39,656 [localhost-startStop-1] [org.springframework.jndi.JndiLocatorDelegate]-[DEBUG] Converted JNDI name [java:comp/env/ORDER_GEN_KEY] not found - trying original name [ORDER_GEN_KEY]. javax.naming.NameNotFoundException: Name [ORDER_GEN_KEY] is not bound in this Context. Unable to find [ORDER_GEN_KEY].
2019-09-29 11:27:39,656 [localhost-startStop-1] [org.springframework.jndi.JndiTemplate]-[DEBUG] Looking up JNDI object with name [ORDER_GEN_KEY]
2019-09-29 11:27:39,656 [localhost-startStop-1] [org.springframework.jndi.JndiPropertySource]-[DEBUG] JNDI lookup for name [ORDER_GEN_KEY] threw NamingException with message: Name [ORDER_GEN_KEY] is not bound in this Context. Unable to find [ORDER_GEN_KEY].. Returning null.
2019-09-29 11:27:39,656 [localhost-startStop-1] [org.springframework.core.env.PropertySourcesPropertyResolver]-[DEBUG] Found key 'ORDER_GEN_KEY' in PropertySource 'localProperties' with value of type String
2019-09-29 11:27:39,656 [localhost-startStop-1] [org.springframework.jndi.JndiTemplate]-[DEBUG] Looking up JNDI object with name [java:comp/env/ORDER_INIT_ID]
2019-09-29 11:27:39,659 [localhost-startStop-1] [org.springframework.jndi.JndiLocatorDelegate]-[DEBUG] Converted JNDI name [java:comp/env/ORDER_INIT_ID] not found - trying original name [ORDER_INIT_ID]. javax.naming.NameNotFoundException: Name [ORDER_INIT_ID] is not bound in this Context. Unable to find [ORDER_INIT_ID].
2019-09-29 11:27:39,659 [localhost-startStop-1] [org.springframework.jndi.JndiTemplate]-[DEBUG] Looking up JNDI object with name [ORDER_INIT_ID]
2019-09-29 11:27:39,659 [localhost-startStop-1] [org.springframework.jndi.JndiPropertySource]-[DEBUG] JNDI lookup for name [ORDER_INIT_ID] threw NamingException with message: Name [ORDER_INIT_ID] is not bound in this Context. Unable to find [ORDER_INIT_ID].. Returning null.
2019-09-29 11:27:39,659 [localhost-startStop-1] [org.springframework.core.env.PropertySourcesPropertyResolver]-[DEBUG] Found key 'ORDER_INIT_ID' in PropertySource 'localProperties' with value of type String
2019-09-29 11:27:39,659 [localhost-startStop-1] [org.springframework.jndi.JndiTemplate]-[DEBUG] Looking up JNDI object with name [java:comp/env/ORDER_DETAIL_GEN_KEY]
2019-09-29 11:27:39,662 [localhost-startStop-1] [org.springframework.jndi.JndiLocatorDelegate]-[DEBUG] Converted JNDI name [java:comp/env/ORDER_DETAIL_GEN_KEY] not found - trying original name [ORDER_DETAIL_GEN_KEY]. javax.naming.NameNotFoundException: Name [ORDER_DETAIL_GEN_KEY] is not bound in this Context. Unable to find [ORDER_DETAIL_GEN_KEY].
2019-09-29 11:27:39,665 [localhost-startStop-1] [org.springframework.jndi.JndiTemplate]-[DEBUG] Looking up JNDI object with name [ORDER_DETAIL_GEN_KEY]
2019-09-29 11:27:39,677 [localhost-startStop-1] [org.springframework.jndi.JndiPropertySource]-[DEBUG] JNDI lookup for name [ORDER_DETAIL_GEN_KEY] threw NamingException with message: Name [ORDER_DETAIL_GEN_KEY] is not bound in this Context. Unable to find [ORDER_DETAIL_GEN_KEY].. Returning null.
2019-09-29 11:27:39,680 [localhost-startStop-1] [org.springframework.core.env.PropertySourcesPropertyResolver]-[DEBUG] Found key 'ORDER_DETAIL_GEN_KEY' in PropertySource 'localProperties' with value of type String
2019-09-29 11:27:39,683 [localhost-startStop-1] [org.springframework.beans.factory.support.DefaultListableBeanFactory]-[DEBUG] Creating shared instance of singleton bean 'txAdvice'
2019-09-29 11:27:39,686 [localhost-startStop-1] [org.springframework.beans.factory.support.DefaultListableBeanFactory]-[DEBUG] Creating shared instance of singleton bean 'transactionManager'
2019-09-29 11:27:39,739 [localhost-startStop-1] [org.springframework.transaction.interceptor.NameMatchTransactionAttributeSource]-[DEBUG] Adding transactional method [save*] with attribute [PROPAGATION_REQUIRED,ISOLATION_DEFAULT]
2019-09-29 11:27:39,739 [localhost-startStop-1] [org.springframework.transaction.interceptor.NameMatchTransactionAttributeSource]-[DEBUG] Adding transactional method [insert*] with attribute [PROPAGATION_REQUIRED,ISOLATION_DEFAULT]
2019-09-29 11:27:39,739 [localhost-startStop-1] [org.springframework.transaction.interceptor.NameMatchTransactionAttributeSource]-[DEBUG] Adding transactional method [add*] with attribute [PROPAGATION_REQUIRED,ISOLATION_DEFAULT]
2019-09-29 11:27:39,739 [localhost-startStop-1] [org.springframework.transaction.interceptor.NameMatchTransactionAttributeSource]-[DEBUG] Adding transactional method [create*] with attribute [PROPAGATION_REQUIRED,ISOLATION_DEFAULT]
2019-09-29 11:27:39,742 [localhost-startStop-1] [org.springframework.transaction.interceptor.NameMatchTransactionAttributeSource]-[DEBUG] Adding transactional method [delete*] with attribute [PROPAGATION_REQUIRED,ISOLATION_DEFAULT]
2019-09-29 11:27:39,742 [localhost-startStop-1] [org.springframework.transaction.interceptor.NameMatchTransactionAttributeSource]-[DEBUG] Adding transactional method [update*] with attribute [PROPAGATION_REQUIRED,ISOLATION_DEFAULT]
2019-09-29 11:27:39,742 [localhost-startStop-1] [org.springframework.transaction.interceptor.NameMatchTransactionAttributeSource]-[DEBUG] Adding transactional method [find*] with attribute [PROPAGATION_SUPPORTS,ISOLATION_DEFAULT,readOnly]
2019-09-29 11:27:39,742 [localhost-startStop-1] [org.springframework.transaction.interceptor.NameMatchTransactionAttributeSource]-[DEBUG] Adding transactional method [select*] with attribute [PROPAGATION_SUPPORTS,ISOLATION_DEFAULT,readOnly]
2019-09-29 11:27:39,751 [localhost-startStop-1] [org.springframework.transaction.interceptor.NameMatchTransactionAttributeSource]-[DEBUG] Adding transactional method [get*] with attribute [PROPAGATION_SUPPORTS,ISOLATION_DEFAULT,readOnly]
2019-09-29 11:27:39,783 [localhost-startStop-1] [org.springframework.beans.factory.support.DefaultListableBeanFactory]-[DEBUG] Creating shared instance of singleton bean 'contentCategoryMapper'
2019-09-29 11:27:39,813 [localhost-startStop-1] [org.springframework.beans.factory.support.DefaultListableBeanFactory]-[DEBUG] Creating shared instance of singleton bean 'contentMapper'
2019-09-29 11:27:39,848 [localhost-startStop-1] [org.springframework.beans.factory.support.DefaultListableBeanFactory]-[DEBUG] Creating shared instance of singleton bean 'itemCatMapper'
2019-09-29 11:27:39,904 [localhost-startStop-1] [org.springframework.beans.factory.support.DefaultListableBeanFactory]-[DEBUG] Creating shared instance of singleton bean 'itemDescMapper'
2019-09-29 11:27:39,934 [localhost-startStop-1] [org.springframework.beans.factory.support.DefaultListableBeanFactory]-[DEBUG] Creating shared instance of singleton bean 'itemMapper'
2019-09-29 11:27:39,999 [localhost-startStop-1] [org.springframework.beans.factory.support.DefaultListableBeanFactory]-[DEBUG] Creating shared instance of singleton bean 'itemParamItemMapper'
2019-09-29 11:27:40,030 [localhost-startStop-1] [org.springframework.beans.factory.support.DefaultListableBeanFactory]-[DEBUG] Creating shared instance of singleton bean 'itemParamMapper'
2019-09-29 11:27:40,101 [localhost-startStop-1] [org.springframework.beans.factory.support.DefaultListableBeanFactory]-[DEBUG] Creating shared instance of singleton bean 'userMapper'
2019-09-29 11:27:40,208 [localhost-startStop-1] [org.springframework.jndi.JndiTemplate]-[DEBUG] Looking up JNDI object with name [java:comp/env/spring.liveBeansView.mbeanDomain]
2019-09-29 11:27:40,208 [localhost-startStop-1] [org.springframework.jndi.JndiLocatorDelegate]-[DEBUG] Converted JNDI name [java:comp/env/spring.liveBeansView.mbeanDomain] not found - trying original name [spring.liveBeansView.mbeanDomain]. javax.naming.NameNotFoundException: Name [spring.liveBeansView.mbeanDomain] is not bound in this Context. Unable to find [spring.liveBeansView.mbeanDomain].
2019-09-29 11:27:40,208 [localhost-startStop-1] [org.springframework.jndi.JndiTemplate]-[DEBUG] Looking up JNDI object with name [spring.liveBeansView.mbeanDomain]
2019-09-29 11:27:40,211 [localhost-startStop-1] [org.springframework.jndi.JndiPropertySource]-[DEBUG] JNDI lookup for name [spring.liveBeansView.mbeanDomain] threw NamingException with message: Name [spring.liveBeansView.mbeanDomain] is not bound in this Context. Unable to find [spring.liveBeansView.mbeanDomain].. Returning null.
2019-09-29 11:27:40,214 [localhost-startStop-1] [org.springframework.web.context.ContextLoader]-[INFO] Root WebApplicationContext initialized in 3303 ms
2019-09-29 11:27:40,238 [localhost-startStop-1] [org.springframework.web.filter.CharacterEncodingFilter]-[DEBUG] Filter 'CharacterEncodingFilter' configured for use
2019-09-29 11:27:40,321 [localhost-startStop-1] [org.springframework.web.servlet.DispatcherServlet]-[INFO] Initializing Servlet 'taotao-order'
2019-09-29 11:27:40,321 [localhost-startStop-1] [org.springframework.jndi.JndiTemplate]-[DEBUG] Looking up JNDI object with name [java:comp/env/spring.profiles.active]
2019-09-29 11:27:40,322 [localhost-startStop-1] [org.springframework.jndi.JndiLocatorDelegate]-[DEBUG] Converted JNDI name [java:comp/env/spring.profiles.active] not found - trying original name [spring.profiles.active]. javax.naming.NameNotFoundException: Name [spring.profiles.active] is not bound in this Context. Unable to find [spring.profiles.active].
2019-09-29 11:27:40,322 [localhost-startStop-1] [org.springframework.jndi.JndiTemplate]-[DEBUG] Looking up JNDI object with name [spring.profiles.active]
2019-09-29 11:27:40,322 [localhost-startStop-1] [org.springframework.jndi.JndiPropertySource]-[DEBUG] JNDI lookup for name [spring.profiles.active] threw NamingException with message: Name [spring.profiles.active] is not bound in this Context. Unable to find [spring.profiles.active].. Returning null.
2019-09-29 11:27:40,324 [localhost-startStop-1] [org.springframework.jndi.JndiTemplate]-[DEBUG] Looking up JNDI object with name [java:comp/env/spring.profiles.default]
2019-09-29 11:27:40,324 [localhost-startStop-1] [org.springframework.jndi.JndiLocatorDelegate]-[DEBUG] Converted JNDI name [java:comp/env/spring.profiles.default] not found - trying original name [spring.profiles.default]. javax.naming.NameNotFoundException: Name [spring.profiles.default] is not bound in this Context. Unable to find [spring.profiles.default].
2019-09-29 11:27:40,324 [localhost-startStop-1] [org.springframework.jndi.JndiTemplate]-[DEBUG] Looking up JNDI object with name [spring.profiles.default]
2019-09-29 11:27:40,324 [localhost-startStop-1] [org.springframework.jndi.JndiPropertySource]-[DEBUG] JNDI lookup for name [spring.profiles.default] threw NamingException with message: Name [spring.profiles.default] is not bound in this Context. Unable to find [spring.profiles.default].. Returning null.
2019-09-29 11:27:40,327 [localhost-startStop-1] [org.springframework.web.context.support.XmlWebApplicationContext]-[DEBUG] Refreshing WebApplicationContext for namespace 'taotao-order-servlet'
2019-09-29 11:27:40,434 [localhost-startStop-1] [org.springframework.context.annotation.ClassPathBeanDefinitionScanner]-[DEBUG] Identified candidate component class: file [F:\Myself\Work\Eclipse\eclipse1906\taotaoshop\taotao-order\target\classes\com\taotao\order\controller\OrderController.class]
2019-09-29 11:27:40,543 [localhost-startStop-1] [org.springframework.beans.factory.xml.XmlBeanDefinitionReader]-[DEBUG] Loaded 21 bean definitions from class path resource [spring/springmvc.xml]
2019-09-29 11:27:40,558 [localhost-startStop-1] [org.springframework.beans.factory.support.DefaultListableBeanFactory]-[DEBUG] Creating shared instance of singleton bean 'org.springframework.context.annotation.internalConfigurationAnnotationProcessor'
2019-09-29 11:27:40,632 [localhost-startStop-1] [org.springframework.beans.factory.support.DefaultListableBeanFactory]-[DEBUG] Creating shared instance of singleton bean 'org.springframework.context.event.internalEventListenerProcessor'
2019-09-29 11:27:40,635 [localhost-startStop-1] [org.springframework.beans.factory.support.DefaultListableBeanFactory]-[DEBUG] Creating shared instance of singleton bean 'org.springframework.context.event.internalEventListenerFactory'
2019-09-29 11:27:40,638 [localhost-startStop-1] [org.springframework.beans.factory.support.DefaultListableBeanFactory]-[DEBUG] Creating shared instance of singleton bean 'org.springframework.context.annotation.internalAutowiredAnnotationProcessor'
2019-09-29 11:27:40,641 [localhost-startStop-1] [org.springframework.beans.factory.support.DefaultListableBeanFactory]-[DEBUG] Creating shared instance of singleton bean 'org.springframework.context.annotation.internalCommonAnnotationProcessor'
2019-09-29 11:27:40,644 [localhost-startStop-1] [org.springframework.ui.context.support.UiApplicationContextUtils]-[DEBUG] Unable to locate ThemeSource with name 'themeSource': using default [org.springframework.ui.context.support.DelegatingThemeSource@6d233437]
2019-09-29 11:27:40,647 [localhost-startStop-1] [org.springframework.beans.factory.support.DefaultListableBeanFactory]-[DEBUG] Creating shared instance of singleton bean 'orderController'
2019-09-29 11:27:40,653 [localhost-startStop-1] [org.springframework.beans.factory.support.DefaultListableBeanFactory]-[DEBUG] Creating shared instance of singleton bean 'mvcContentNegotiationManager'
2019-09-29 11:27:40,682 [localhost-startStop-1] [org.springframework.beans.factory.support.DefaultListableBeanFactory]-[DEBUG] Creating shared instance of singleton bean 'org.springframework.web.servlet.mvc.method.annotation.RequestMappingHandlerMapping'
2019-09-29 11:27:40,738 [localhost-startStop-1] [org.springframework.beans.factory.support.DefaultListableBeanFactory]-[DEBUG] Creating shared instance of singleton bean 'mvcCorsConfigurations'
2019-09-29 11:27:40,741 [localhost-startStop-1] [org.springframework.beans.factory.support.DefaultListableBeanFactory]-[DEBUG] Creating shared instance of singleton bean 'org.springframework.web.servlet.handler.MappedInterceptor#0'
2019-09-29 11:27:40,744 [localhost-startStop-1] [org.springframework.beans.factory.support.DefaultListableBeanFactory]-[DEBUG] Creating shared instance of singleton bean 'org.springframework.format.support.FormattingConversionServiceFactoryBean#0'
2019-09-29 11:27:40,984 [localhost-startStop-1] [org.springframework.web.servlet.mvc.method.annotation.RequestMappingHandlerMapping]-[DEBUG] 1 mappings in 'org.springframework.web.servlet.mvc.method.annotation.RequestMappingHandlerMapping'
2019-09-29 11:27:40,984 [localhost-startStop-1] [org.springframework.beans.factory.support.DefaultListableBeanFactory]-[DEBUG] Creating shared instance of singleton bean 'org.springframework.web.servlet.mvc.method.annotation.RequestMappingHandlerAdapter'
2019-09-29 11:27:41,732 [localhost-startStop-1] [org.springframework.web.servlet.mvc.method.annotation.RequestMappingHandlerAdapter]-[DEBUG] ControllerAdvice beans: 0 @ModelAttribute, 0 @InitBinder, 1 RequestBodyAdvice, 1 ResponseBodyAdvice
2019-09-29 11:27:41,778 [localhost-startStop-1] [org.springframework.beans.factory.support.DefaultListableBeanFactory]-[DEBUG] Creating shared instance of singleton bean 'mvcUriComponentsContributor'
2019-09-29 11:27:41,855 [localhost-startStop-1] [org.springframework.web.servlet.mvc.method.annotation.RequestMappingHandlerAdapter]-[DEBUG] ControllerAdvice beans: 0 @ModelAttribute, 0 @InitBinder, 1 RequestBodyAdvice, 1 ResponseBodyAdvice
2019-09-29 11:27:41,873 [localhost-startStop-1] [org.springframework.beans.factory.support.DefaultListableBeanFactory]-[DEBUG] Creating shared instance of singleton bean 'org.springframework.web.servlet.mvc.method.annotation.ExceptionHandlerExceptionResolver#0'
2019-09-29 11:27:41,945 [localhost-startStop-1] [org.springframework.web.servlet.mvc.method.annotation.ExceptionHandlerExceptionResolver]-[DEBUG] ControllerAdvice beans: 0 @ExceptionHandler, 1 ResponseBodyAdvice
2019-09-29 11:27:41,948 [localhost-startStop-1] [org.springframework.beans.factory.support.DefaultListableBeanFactory]-[DEBUG] Creating shared instance of singleton bean 'org.springframework.web.servlet.mvc.annotation.ResponseStatusExceptionResolver#0'
2019-09-29 11:27:41,957 [localhost-startStop-1] [org.springframework.beans.factory.support.DefaultListableBeanFactory]-[DEBUG] Creating shared instance of singleton bean 'org.springframework.web.servlet.mvc.support.DefaultHandlerExceptionResolver#0'
2019-09-29 11:27:41,962 [localhost-startStop-1] [org.springframework.beans.factory.support.DefaultListableBeanFactory]-[DEBUG] Creating shared instance of singleton bean 'org.springframework.web.servlet.handler.BeanNameUrlHandlerMapping'
2019-09-29 11:27:41,980 [localhost-startStop-1] [org.springframework.beans.factory.support.DefaultListableBeanFactory]-[DEBUG] Creating shared instance of singleton bean 'org.springframework.web.servlet.mvc.HttpRequestHandlerAdapter'
2019-09-29 11:27:41,983 [localhost-startStop-1] [org.springframework.beans.factory.support.DefaultListableBeanFactory]-[DEBUG] Creating shared instance of singleton bean 'org.springframework.web.servlet.mvc.SimpleControllerHandlerAdapter'
2019-09-29 11:27:41,986 [localhost-startStop-1] [org.springframework.beans.factory.support.DefaultListableBeanFactory]-[DEBUG] Creating shared instance of singleton bean 'org.springframework.web.servlet.view.InternalResourceViewResolver#0'
2019-09-29 11:27:42,048 [localhost-startStop-1] [org.springframework.jndi.JndiTemplate]-[DEBUG] Looking up JNDI object with name [java:comp/env/spring.liveBeansView.mbeanDomain]
2019-09-29 11:27:42,048 [localhost-startStop-1] [org.springframework.jndi.JndiLocatorDelegate]-[DEBUG] Converted JNDI name [java:comp/env/spring.liveBeansView.mbeanDomain] not found - trying original name [spring.liveBeansView.mbeanDomain]. javax.naming.NameNotFoundException: Name [spring.liveBeansView.mbeanDomain] is not bound in this Context. Unable to find [spring.liveBeansView.mbeanDomain].
2019-09-29 11:27:42,048 [localhost-startStop-1] [org.springframework.jndi.JndiTemplate]-[DEBUG] Looking up JNDI object with name [spring.liveBeansView.mbeanDomain]
2019-09-29 11:27:42,048 [localhost-startStop-1] [org.springframework.jndi.JndiPropertySource]-[DEBUG] JNDI lookup for name [spring.liveBeansView.mbeanDomain] threw NamingException with message: Name [spring.liveBeansView.mbeanDomain] is not bound in this Context. Unable to find [spring.liveBeansView.mbeanDomain].. Returning null.
2019-09-29 11:27:42,048 [localhost-startStop-1] [org.springframework.web.servlet.DispatcherServlet]-[DEBUG] enableLoggingRequestDetails='false': request parameters and headers will be masked to prevent unsafe logging of potentially sensitive data
2019-09-29 11:27:42,048 [localhost-startStop-1] [org.springframework.web.servlet.DispatcherServlet]-[INFO] Completed initialization in 1727 ms
2019-09-29 11:34:17,744 [http-bio-8085-exec-1] [org.springframework.web.servlet.DispatcherServlet]-[DEBUG] POST "/order/create", parameters={}
2019-09-29 11:34:17,757 [http-bio-8085-exec-1] [org.springframework.web.servlet.mvc.method.annotation.RequestMappingHandlerMapping]-[DEBUG] Mapped to public com.taotao.common.pojo.TaotaoResult com.taotao.order.controller.OrderController.createOrder(com.taotao.order.pojo.Order_o)
2019-09-29 11:34:18,055 [http-bio-8085-exec-1] [org.springframework.web.servlet.mvc.method.annotation.RequestResponseBodyMethodProcessor]-[DEBUG] Read "application/json;charset=UTF-8" to [com.taotao.order.pojo.Order_o@40c5a836]
2019-09-29 11:34:18,109 [http-bio-8085-exec-1] [org.springframework.jdbc.datasource.DataSourceTransactionManager]-[DEBUG] Creating new transaction with name [com.taotao.order.service.impl.OrderServiceImpl.createOrder]: PROPAGATION_REQUIRED,ISOLATION_DEFAULT
2019-09-29 11:34:18,236 [http-bio-8085-exec-1] [com.alibaba.druid.pool.DruidDataSource]-[INFO] {dataSource-1} inited
2019-09-29 11:34:18,597 [http-bio-8085-exec-1] [org.springframework.jdbc.datasource.DataSourceTransactionManager]-[DEBUG] Acquired Connection [com.mysql.cj.jdbc.ConnectionImpl@1341c933] for JDBC transaction
2019-09-29 11:34:18,606 [http-bio-8085-exec-1] [org.springframework.jdbc.datasource.DataSourceTransactionManager]-[DEBUG] Switching JDBC Connection [com.mysql.cj.jdbc.ConnectionImpl@1341c933] to manual commit
2019-09-29 11:34:18,681 [http-bio-8085-exec-1] [org.mybatis.spring.SqlSessionUtils]-[DEBUG] Creating a new SqlSession
2019-09-29 11:34:18,693 [http-bio-8085-exec-1] [org.mybatis.spring.SqlSessionUtils]-[DEBUG] Registering transaction synchronization for SqlSession [org.apache.ibatis.session.defaults.DefaultSqlSession@30960eb4]
2019-09-29 11:34:18,703 [http-bio-8085-exec-1] [org.mybatis.spring.transaction.SpringManagedTransaction]-[DEBUG] JDBC Connection [com.mysql.cj.jdbc.ConnectionImpl@1341c933] will be managed by Spring
2019-09-29 11:34:18,713 [http-bio-8085-exec-1] [com.taotao.mapper.OrderMapper.insert]-[DEBUG] ==>  Preparing: insert into tb_order (order_id, payment, payment_type, post_fee, status, create_time, update_time, payment_time, consign_time, end_time, close_time, shipping_name, shipping_code, user_id, buyer_message, buyer_nick, buyer_rate) values (?, ?, ?, ?, ?, ?, ?, ?, ?, ?, ?, ?, ?, ?, ?, ?, ?) 
2019-09-29 11:34:18,783 [http-bio-8085-exec-1] [com.taotao.mapper.OrderMapper.insert]-[DEBUG] ==> Parameters: 9531(String), 338.00(String), 1(Integer), null, 1(Integer), 2019-09-29 11:34:18.669(Timestamp), 2019-09-29 11:34:18.669(Timestamp), null, null, null, null, null, null, 37(Long), null, wangwu(String), 0(Integer)
2019-09-29 11:34:19,008 [http-bio-8085-exec-1] [com.taotao.mapper.OrderMapper.insert]-[DEBUG] <==    Updates: 1
2019-09-29 11:34:19,009 [http-bio-8085-exec-1] [org.mybatis.spring.SqlSessionUtils]-[DEBUG] Releasing transactional SqlSession [org.apache.ibatis.session.defaults.DefaultSqlSession@30960eb4]
2019-09-29 11:34:19,011 [http-bio-8085-exec-1] [org.mybatis.spring.SqlSessionUtils]-[DEBUG] Fetched SqlSession [org.apache.ibatis.session.defaults.DefaultSqlSession@30960eb4] from current transaction
2019-09-29 11:34:19,011 [http-bio-8085-exec-1] [com.taotao.mapper.OrderItemMapper.insert]-[DEBUG] ==>  Preparing: insert into tb_order_item (id, item_id, order_id, num, title, price, total_fee, pic_path) values (?, ?, ?, ?, ?, ?, ?, ?) 
2019-09-29 11:34:19,013 [http-bio-8085-exec-1] [com.taotao.mapper.OrderItemMapper.insert]-[DEBUG] ==> Parameters: 6(String), 1089857105(String), 9531(String), 2(Integer), 贝尔丰(BIFER) BF609 移动联通2G老人翻盖手机 红 色(String), 16900(Long), 33800(Long), http://image.taotao.com/jd/d2510e36ad5c437e8c7b6204641c5a43.png(String)
2019-09-29 11:34:19,041 [http-bio-8085-exec-1] [com.taotao.mapper.OrderItemMapper.insert]-[DEBUG] <==    Updates: 1
2019-09-29 11:34:19,041 [http-bio-8085-exec-1] [org.mybatis.spring.SqlSessionUtils]-[DEBUG] Releasing transactional SqlSession [org.apache.ibatis.session.defaults.DefaultSqlSession@30960eb4]
2019-09-29 11:34:19,041 [http-bio-8085-exec-1] [org.mybatis.spring.SqlSessionUtils]-[DEBUG] Fetched SqlSession [org.apache.ibatis.session.defaults.DefaultSqlSession@30960eb4] from current transaction
2019-09-29 11:34:19,042 [http-bio-8085-exec-1] [com.taotao.mapper.OrderShippingMapper.insert]-[DEBUG] ==>  Preparing: insert into tb_order_shipping (order_id, receiver_name, receiver_phone, receiver_mobile, receiver_state, receiver_city, receiver_district, receiver_address, receiver_zip, created, updated) values (?, ?, ?, ?, ?, ?, ?, ?, ?, ?, ?) 
2019-09-29 11:34:19,043 [http-bio-8085-exec-1] [com.taotao.mapper.OrderShippingMapper.insert]-[DEBUG] ==> Parameters: 9531(String), 入云龙(String), null, 15891588888(String), 北京(String), 北京(String), 昌平区(String), 西三旗 xxxxxxxxx(String), null, 2019-09-29 11:34:18.669(Timestamp), 2019-09-29 11:34:18.669(Timestamp)
2019-09-29 11:34:19,080 [http-bio-8085-exec-1] [com.taotao.mapper.OrderShippingMapper.insert]-[DEBUG] <==    Updates: 1
2019-09-29 11:34:19,081 [http-bio-8085-exec-1] [org.mybatis.spring.SqlSessionUtils]-[DEBUG] Releasing transactional SqlSession [org.apache.ibatis.session.defaults.DefaultSqlSession@30960eb4]
2019-09-29 11:34:19,082 [http-bio-8085-exec-1] [org.mybatis.spring.SqlSessionUtils]-[DEBUG] Transaction synchronization committing SqlSession [org.apache.ibatis.session.defaults.DefaultSqlSession@30960eb4]
2019-09-29 11:34:19,083 [http-bio-8085-exec-1] [org.mybatis.spring.SqlSessionUtils]-[DEBUG] Transaction synchronization deregistering SqlSession [org.apache.ibatis.session.defaults.DefaultSqlSession@30960eb4]
2019-09-29 11:34:19,084 [http-bio-8085-exec-1] [org.mybatis.spring.SqlSessionUtils]-[DEBUG] Transaction synchronization closing SqlSession [org.apache.ibatis.session.defaults.DefaultSqlSession@30960eb4]
2019-09-29 11:34:19,085 [http-bio-8085-exec-1] [org.springframework.jdbc.datasource.DataSourceTransactionManager]-[DEBUG] Initiating transaction commit
2019-09-29 11:34:19,085 [http-bio-8085-exec-1] [org.springframework.jdbc.datasource.DataSourceTransactionManager]-[DEBUG] Committing JDBC transaction on Connection [com.mysql.cj.jdbc.ConnectionImpl@1341c933]
2019-09-29 11:34:19,229 [http-bio-8085-exec-1] [org.springframework.jdbc.datasource.DataSourceTransactionManager]-[DEBUG] Releasing JDBC Connection [com.mysql.cj.jdbc.ConnectionImpl@1341c933] after transaction
2019-09-29 11:34:19,260 [http-bio-8085-exec-1] [org.springframework.web.servlet.mvc.method.annotation.RequestResponseBodyMethodProcessor]-[DEBUG] Using 'application/json', given [*/*] and supported [application/json, application/*+json]
2019-09-29 11:34:19,263 [http-bio-8085-exec-1] [org.springframework.web.servlet.mvc.method.annotation.RequestResponseBodyMethodProcessor]-[DEBUG] Writing [com.taotao.common.pojo.TaotaoResult@4ae33022]
2019-09-29 11:34:19,317 [http-bio-8085-exec-1] [org.springframework.web.servlet.DispatcherServlet]-[DEBUG] Completed 200 OK
