2019-08-27 22:10:38,019 [http-bio-8081-exec-6] [com.taotao.mapper.ItemCatMapper.selectByExample]-[DEBUG] <==      Total: 6
2019-08-27 22:10:38,019 [http-bio-8081-exec-6] [org.mybatis.spring.SqlSessionUtils]-[DEBUG] Releasing transactional SqlSession [org.apache.ibatis.session.defaults.DefaultSqlSession@709e48ad]
2019-08-27 22:10:38,019 [http-bio-8081-exec-6] [org.mybatis.spring.SqlSessionUtils]-[DEBUG] Fetched SqlSession [org.apache.ibatis.session.defaults.DefaultSqlSession@709e48ad] from current transaction
2019-08-27 22:10:38,020 [http-bio-8081-exec-6] [com.taotao.mapper.ItemCatMapper.selectByExample]-[DEBUG] ==>  Preparing: select id, parent_id, name, status, sort_order, is_parent, created, updated from tb_item_cat WHERE ( parent_id = ? ) 
2019-08-27 22:10:38,020 [http-bio-8081-exec-6] [com.taotao.mapper.ItemCatMapper.selectByExample]-[DEBUG] ==> Parameters: 474(Long)
2019-08-27 22:10:38,022 [http-bio-8081-exec-6] [com.taotao.mapper.ItemCatMapper.selectByExample]-[DEBUG] <==      Total: 11
2019-08-27 22:10:38,022 [http-bio-8081-exec-6] [org.mybatis.spring.SqlSessionUtils]-[DEBUG] Releasing transactional SqlSession [org.apache.ibatis.session.defaults.DefaultSqlSession@709e48ad]
2019-08-27 22:10:38,022 [http-bio-8081-exec-6] [org.mybatis.spring.SqlSessionUtils]-[DEBUG] Fetched SqlSession [org.apache.ibatis.session.defaults.DefaultSqlSession@709e48ad] from current transaction
2019-08-27 22:10:38,022 [http-bio-8081-exec-6] [com.taotao.mapper.ItemCatMapper.selectByExample]-[DEBUG] ==>  Preparing: select id, parent_id, name, status, sort_order, is_parent, created, updated from tb_item_cat WHERE ( parent_id = ? ) 
2019-08-27 22:10:38,023 [http-bio-8081-exec-6] [com.taotao.mapper.ItemCatMapper.selectByExample]-[DEBUG] ==> Parameters: 486(Long)
2019-08-27 22:10:38,024 [http-bio-8081-exec-6] [com.taotao.mapper.ItemCatMapper.selectByExample]-[DEBUG] <==      Total: 8
2019-08-27 22:10:38,024 [http-bio-8081-exec-6] [org.mybatis.spring.SqlSessionUtils]-[DEBUG] Releasing transactional SqlSession [org.apache.ibatis.session.defaults.DefaultSqlSession@709e48ad]
2019-08-27 22:10:38,024 [http-bio-8081-exec-6] [org.mybatis.spring.SqlSessionUtils]-[DEBUG] Fetched SqlSession [org.apache.ibatis.session.defaults.DefaultSqlSession@709e48ad] from current transaction
2019-08-27 22:10:38,025 [http-bio-8081-exec-6] [com.taotao.mapper.ItemCatMapper.selectByExample]-[DEBUG] ==>  Preparing: select id, parent_id, name, status, sort_order, is_parent, created, updated from tb_item_cat WHERE ( parent_id = ? ) 
2019-08-27 22:10:38,025 [http-bio-8081-exec-6] [com.taotao.mapper.ItemCatMapper.selectByExample]-[DEBUG] ==> Parameters: 495(Long)
2019-08-27 22:10:38,027 [http-bio-8081-exec-6] [com.taotao.mapper.ItemCatMapper.selectByExample]-[DEBUG] <==      Total: 12
2019-08-27 22:10:38,027 [http-bio-8081-exec-6] [org.mybatis.spring.SqlSessionUtils]-[DEBUG] Releasing transactional SqlSession [org.apache.ibatis.session.defaults.DefaultSqlSession@709e48ad]
2019-08-27 22:10:38,027 [http-bio-8081-exec-6] [org.mybatis.spring.SqlSessionUtils]-[DEBUG] Fetched SqlSession [org.apache.ibatis.session.defaults.DefaultSqlSession@709e48ad] from current transaction
2019-08-27 22:10:38,027 [http-bio-8081-exec-6] [com.taotao.mapper.ItemCatMapper.selectByExample]-[DEBUG] ==>  Preparing: select id, parent_id, name, status, sort_order, is_parent, created, updated from tb_item_cat WHERE ( parent_id = ? ) 
2019-08-27 22:10:38,028 [http-bio-8081-exec-6] [com.taotao.mapper.ItemCatMapper.selectByExample]-[DEBUG] ==> Parameters: 496(Long)
2019-08-27 22:10:38,030 [http-bio-8081-exec-6] [com.taotao.mapper.ItemCatMapper.selectByExample]-[DEBUG] <==      Total: 6
2019-08-27 22:10:38,030 [http-bio-8081-exec-6] [org.mybatis.spring.SqlSessionUtils]-[DEBUG] Releasing transactional SqlSession [org.apache.ibatis.session.defaults.DefaultSqlSession@709e48ad]
2019-08-27 22:10:38,030 [http-bio-8081-exec-6] [org.mybatis.spring.SqlSessionUtils]-[DEBUG] Fetched SqlSession [org.apache.ibatis.session.defaults.DefaultSqlSession@709e48ad] from current transaction
2019-08-27 22:10:38,031 [http-bio-8081-exec-6] [com.taotao.mapper.ItemCatMapper.selectByExample]-[DEBUG] ==>  Preparing: select id, parent_id, name, status, sort_order, is_parent, created, updated from tb_item_cat WHERE ( parent_id = ? ) 
2019-08-27 22:10:38,032 [http-bio-8081-exec-6] [com.taotao.mapper.ItemCatMapper.selectByExample]-[DEBUG] ==> Parameters: 503(Long)
2019-08-27 22:10:38,036 [http-bio-8081-exec-6] [com.taotao.mapper.ItemCatMapper.selectByExample]-[DEBUG] <==      Total: 5
2019-08-27 22:10:38,036 [http-bio-8081-exec-6] [org.mybatis.spring.SqlSessionUtils]-[DEBUG] Releasing transactional SqlSession [org.apache.ibatis.session.defaults.DefaultSqlSession@709e48ad]
2019-08-27 22:10:38,036 [http-bio-8081-exec-6] [org.mybatis.spring.SqlSessionUtils]-[DEBUG] Fetched SqlSession [org.apache.ibatis.session.defaults.DefaultSqlSession@709e48ad] from current transaction
2019-08-27 22:10:38,037 [http-bio-8081-exec-6] [com.taotao.mapper.ItemCatMapper.selectByExample]-[DEBUG] ==>  Preparing: select id, parent_id, name, status, sort_order, is_parent, created, updated from tb_item_cat WHERE ( parent_id = ? ) 
2019-08-27 22:10:38,037 [http-bio-8081-exec-6] [com.taotao.mapper.ItemCatMapper.selectByExample]-[DEBUG] ==> Parameters: 509(Long)
2019-08-27 22:10:38,040 [http-bio-8081-exec-6] [com.taotao.mapper.ItemCatMapper.selectByExample]-[DEBUG] <==      Total: 2
2019-08-27 22:10:38,040 [http-bio-8081-exec-6] [org.mybatis.spring.SqlSessionUtils]-[DEBUG] Releasing transactional SqlSession [org.apache.ibatis.session.defaults.DefaultSqlSession@709e48ad]
2019-08-27 22:10:38,040 [http-bio-8081-exec-6] [org.mybatis.spring.SqlSessionUtils]-[DEBUG] Fetched SqlSession [org.apache.ibatis.session.defaults.DefaultSqlSession@709e48ad] from current transaction
2019-08-27 22:10:38,041 [http-bio-8081-exec-6] [com.taotao.mapper.ItemCatMapper.selectByExample]-[DEBUG] ==>  Preparing: select id, parent_id, name, status, sort_order, is_parent, created, updated from tb_item_cat WHERE ( parent_id = ? ) 
2019-08-27 22:10:38,041 [http-bio-8081-exec-6] [com.taotao.mapper.ItemCatMapper.selectByExample]-[DEBUG] ==> Parameters: 512(Long)
2019-08-27 22:10:38,043 [http-bio-8081-exec-6] [com.taotao.mapper.ItemCatMapper.selectByExample]-[DEBUG] <==      Total: 3
2019-08-27 22:10:38,044 [http-bio-8081-exec-6] [org.mybatis.spring.SqlSessionUtils]-[DEBUG] Releasing transactional SqlSession [org.apache.ibatis.session.defaults.DefaultSqlSession@709e48ad]
2019-08-27 22:10:38,044 [http-bio-8081-exec-6] [org.mybatis.spring.SqlSessionUtils]-[DEBUG] Fetched SqlSession [org.apache.ibatis.session.defaults.DefaultSqlSession@709e48ad] from current transaction
2019-08-27 22:10:38,044 [http-bio-8081-exec-6] [com.taotao.mapper.ItemCatMapper.selectByExample]-[DEBUG] ==>  Preparing: select id, parent_id, name, status, sort_order, is_parent, created, updated from tb_item_cat WHERE ( parent_id = ? ) 
2019-08-27 22:10:38,045 [http-bio-8081-exec-6] [com.taotao.mapper.ItemCatMapper.selectByExample]-[DEBUG] ==> Parameters: 516(Long)
2019-08-27 22:10:38,048 [http-bio-8081-exec-6] [com.taotao.mapper.ItemCatMapper.selectByExample]-[DEBUG] <==      Total: 3
2019-08-27 22:10:38,049 [http-bio-8081-exec-6] [org.mybatis.spring.SqlSessionUtils]-[DEBUG] Releasing transactional SqlSession [org.apache.ibatis.session.defaults.DefaultSqlSession@709e48ad]
2019-08-27 22:10:38,049 [http-bio-8081-exec-6] [org.mybatis.spring.SqlSessionUtils]-[DEBUG] Fetched SqlSession [org.apache.ibatis.session.defaults.DefaultSqlSession@709e48ad] from current transaction
2019-08-27 22:10:38,050 [http-bio-8081-exec-6] [com.taotao.mapper.ItemCatMapper.selectByExample]-[DEBUG] ==>  Preparing: select id, parent_id, name, status, sort_order, is_parent, created, updated from tb_item_cat WHERE ( parent_id = ? ) 
2019-08-27 22:10:38,052 [http-bio-8081-exec-6] [com.taotao.mapper.ItemCatMapper.selectByExample]-[DEBUG] ==> Parameters: 520(Long)
2019-08-27 22:10:38,054 [http-bio-8081-exec-6] [com.taotao.mapper.ItemCatMapper.selectByExample]-[DEBUG] <==      Total: 4
2019-08-27 22:10:38,055 [http-bio-8081-exec-6] [org.mybatis.spring.SqlSessionUtils]-[DEBUG] Releasing transactional SqlSession [org.apache.ibatis.session.defaults.DefaultSqlSession@709e48ad]
2019-08-27 22:10:38,055 [http-bio-8081-exec-6] [org.mybatis.spring.SqlSessionUtils]-[DEBUG] Fetched SqlSession [org.apache.ibatis.session.defaults.DefaultSqlSession@709e48ad] from current transaction
2019-08-27 22:10:38,055 [http-bio-8081-exec-6] [com.taotao.mapper.ItemCatMapper.selectByExample]-[DEBUG] ==>  Preparing: select id, parent_id, name, status, sort_order, is_parent, created, updated from tb_item_cat WHERE ( parent_id = ? ) 
2019-08-27 22:10:38,055 [http-bio-8081-exec-6] [com.taotao.mapper.ItemCatMapper.selectByExample]-[DEBUG] ==> Parameters: 525(Long)
2019-08-27 22:10:38,057 [http-bio-8081-exec-6] [com.taotao.mapper.ItemCatMapper.selectByExample]-[DEBUG] <==      Total: 3
2019-08-27 22:10:38,057 [http-bio-8081-exec-6] [org.mybatis.spring.SqlSessionUtils]-[DEBUG] Releasing transactional SqlSession [org.apache.ibatis.session.defaults.DefaultSqlSession@709e48ad]
2019-08-27 22:10:38,057 [http-bio-8081-exec-6] [org.mybatis.spring.SqlSessionUtils]-[DEBUG] Fetched SqlSession [org.apache.ibatis.session.defaults.DefaultSqlSession@709e48ad] from current transaction
2019-08-27 22:10:38,057 [http-bio-8081-exec-6] [com.taotao.mapper.ItemCatMapper.selectByExample]-[DEBUG] ==>  Preparing: select id, parent_id, name, status, sort_order, is_parent, created, updated from tb_item_cat WHERE ( parent_id = ? ) 
2019-08-27 22:10:38,057 [http-bio-8081-exec-6] [com.taotao.mapper.ItemCatMapper.selectByExample]-[DEBUG] ==> Parameters: 529(Long)
2019-08-27 22:10:38,059 [http-bio-8081-exec-6] [com.taotao.mapper.ItemCatMapper.selectByExample]-[DEBUG] <==      Total: 4
2019-08-27 22:10:38,059 [http-bio-8081-exec-6] [org.mybatis.spring.SqlSessionUtils]-[DEBUG] Releasing transactional SqlSession [org.apache.ibatis.session.defaults.DefaultSqlSession@709e48ad]
2019-08-27 22:10:38,059 [http-bio-8081-exec-6] [org.mybatis.spring.SqlSessionUtils]-[DEBUG] Fetched SqlSession [org.apache.ibatis.session.defaults.DefaultSqlSession@709e48ad] from current transaction
2019-08-27 22:10:38,060 [http-bio-8081-exec-6] [com.taotao.mapper.ItemCatMapper.selectByExample]-[DEBUG] ==>  Preparing: select id, parent_id, name, status, sort_order, is_parent, created, updated from tb_item_cat WHERE ( parent_id = ? ) 
2019-08-27 22:10:38,060 [http-bio-8081-exec-6] [com.taotao.mapper.ItemCatMapper.selectByExample]-[DEBUG] ==> Parameters: 534(Long)
2019-08-27 22:10:38,062 [http-bio-8081-exec-6] [com.taotao.mapper.ItemCatMapper.selectByExample]-[DEBUG] <==      Total: 4
2019-08-27 22:10:38,062 [http-bio-8081-exec-6] [org.mybatis.spring.SqlSessionUtils]-[DEBUG] Releasing transactional SqlSession [org.apache.ibatis.session.defaults.DefaultSqlSession@709e48ad]
2019-08-27 22:10:38,062 [http-bio-8081-exec-6] [org.mybatis.spring.SqlSessionUtils]-[DEBUG] Fetched SqlSession [org.apache.ibatis.session.defaults.DefaultSqlSession@709e48ad] from current transaction
2019-08-27 22:10:38,062 [http-bio-8081-exec-6] [com.taotao.mapper.ItemCatMapper.selectByExample]-[DEBUG] ==>  Preparing: select id, parent_id, name, status, sort_order, is_parent, created, updated from tb_item_cat WHERE ( parent_id = ? ) 
2019-08-27 22:10:38,062 [http-bio-8081-exec-6] [com.taotao.mapper.ItemCatMapper.selectByExample]-[DEBUG] ==> Parameters: 539(Long)
2019-08-27 22:10:38,064 [http-bio-8081-exec-6] [com.taotao.mapper.ItemCatMapper.selectByExample]-[DEBUG] <==      Total: 3
2019-08-27 22:10:38,064 [http-bio-8081-exec-6] [org.mybatis.spring.SqlSessionUtils]-[DEBUG] Releasing transactional SqlSession [org.apache.ibatis.session.defaults.DefaultSqlSession@709e48ad]
2019-08-27 22:10:38,064 [http-bio-8081-exec-6] [org.mybatis.spring.SqlSessionUtils]-[DEBUG] Fetched SqlSession [org.apache.ibatis.session.defaults.DefaultSqlSession@709e48ad] from current transaction
2019-08-27 22:10:38,065 [http-bio-8081-exec-6] [com.taotao.mapper.ItemCatMapper.selectByExample]-[DEBUG] ==>  Preparing: select id, parent_id, name, status, sort_order, is_parent, created, updated from tb_item_cat WHERE ( parent_id = ? ) 
2019-08-27 22:10:38,065 [http-bio-8081-exec-6] [com.taotao.mapper.ItemCatMapper.selectByExample]-[DEBUG] ==> Parameters: 543(Long)
2019-08-27 22:10:38,067 [http-bio-8081-exec-6] [com.taotao.mapper.ItemCatMapper.selectByExample]-[DEBUG] <==      Total: 2
2019-08-27 22:10:38,067 [http-bio-8081-exec-6] [org.mybatis.spring.SqlSessionUtils]-[DEBUG] Releasing transactional SqlSession [org.apache.ibatis.session.defaults.DefaultSqlSession@709e48ad]
2019-08-27 22:10:38,067 [http-bio-8081-exec-6] [org.mybatis.spring.SqlSessionUtils]-[DEBUG] Fetched SqlSession [org.apache.ibatis.session.defaults.DefaultSqlSession@709e48ad] from current transaction
2019-08-27 22:10:38,068 [http-bio-8081-exec-6] [com.taotao.mapper.ItemCatMapper.selectByExample]-[DEBUG] ==>  Preparing: select id, parent_id, name, status, sort_order, is_parent, created, updated from tb_item_cat WHERE ( parent_id = ? ) 
2019-08-27 22:10:38,068 [http-bio-8081-exec-6] [com.taotao.mapper.ItemCatMapper.selectByExample]-[DEBUG] ==> Parameters: 546(Long)
2019-08-27 22:10:38,070 [http-bio-8081-exec-6] [com.taotao.mapper.ItemCatMapper.selectByExample]-[DEBUG] <==      Total: 11
2019-08-27 22:10:38,070 [http-bio-8081-exec-6] [org.mybatis.spring.SqlSessionUtils]-[DEBUG] Releasing transactional SqlSession [org.apache.ibatis.session.defaults.DefaultSqlSession@709e48ad]
2019-08-27 22:10:38,070 [http-bio-8081-exec-6] [org.mybatis.spring.SqlSessionUtils]-[DEBUG] Fetched SqlSession [org.apache.ibatis.session.defaults.DefaultSqlSession@709e48ad] from current transaction
2019-08-27 22:10:38,071 [http-bio-8081-exec-6] [com.taotao.mapper.ItemCatMapper.selectByExample]-[DEBUG] ==>  Preparing: select id, parent_id, name, status, sort_order, is_parent, created, updated from tb_item_cat WHERE ( parent_id = ? ) 
2019-08-27 22:10:38,071 [http-bio-8081-exec-6] [com.taotao.mapper.ItemCatMapper.selectByExample]-[DEBUG] ==> Parameters: 558(Long)
2019-08-27 22:10:38,073 [http-bio-8081-exec-6] [com.taotao.mapper.ItemCatMapper.selectByExample]-[DEBUG] <==      Total: 3
2019-08-27 22:10:38,073 [http-bio-8081-exec-6] [org.mybatis.spring.SqlSessionUtils]-[DEBUG] Releasing transactional SqlSession [org.apache.ibatis.session.defaults.DefaultSqlSession@709e48ad]
2019-08-27 22:10:38,073 [http-bio-8081-exec-6] [org.mybatis.spring.SqlSessionUtils]-[DEBUG] Fetched SqlSession [org.apache.ibatis.session.defaults.DefaultSqlSession@709e48ad] from current transaction
2019-08-27 22:10:38,074 [http-bio-8081-exec-6] [com.taotao.mapper.ItemCatMapper.selectByExample]-[DEBUG] ==>  Preparing: select id, parent_id, name, status, sort_order, is_parent, created, updated from tb_item_cat WHERE ( parent_id = ? ) 
2019-08-27 22:10:38,074 [http-bio-8081-exec-6] [com.taotao.mapper.ItemCatMapper.selectByExample]-[DEBUG] ==> Parameters: 559(Long)
2019-08-27 22:10:38,076 [http-bio-8081-exec-6] [com.taotao.mapper.ItemCatMapper.selectByExample]-[DEBUG] <==      Total: 2
2019-08-27 22:10:38,076 [http-bio-8081-exec-6] [org.mybatis.spring.SqlSessionUtils]-[DEBUG] Releasing transactional SqlSession [org.apache.ibatis.session.defaults.DefaultSqlSession@709e48ad]
2019-08-27 22:10:38,076 [http-bio-8081-exec-6] [org.mybatis.spring.SqlSessionUtils]-[DEBUG] Fetched SqlSession [org.apache.ibatis.session.defaults.DefaultSqlSession@709e48ad] from current transaction
2019-08-27 22:10:38,077 [http-bio-8081-exec-6] [com.taotao.mapper.ItemCatMapper.selectByExample]-[DEBUG] ==>  Preparing: select id, parent_id, name, status, sort_order, is_parent, created, updated from tb_item_cat WHERE ( parent_id = ? ) 
2019-08-27 22:10:38,077 [http-bio-8081-exec-6] [com.taotao.mapper.ItemCatMapper.selectByExample]-[DEBUG] ==> Parameters: 562(Long)
2019-08-27 22:10:38,079 [http-bio-8081-exec-6] [com.taotao.mapper.ItemCatMapper.selectByExample]-[DEBUG] <==      Total: 4
2019-08-27 22:10:38,079 [http-bio-8081-exec-6] [org.mybatis.spring.SqlSessionUtils]-[DEBUG] Releasing transactional SqlSession [org.apache.ibatis.session.defaults.DefaultSqlSession@709e48ad]
2019-08-27 22:10:38,079 [http-bio-8081-exec-6] [org.mybatis.spring.SqlSessionUtils]-[DEBUG] Fetched SqlSession [org.apache.ibatis.session.defaults.DefaultSqlSession@709e48ad] from current transaction
2019-08-27 22:10:38,080 [http-bio-8081-exec-6] [com.taotao.mapper.ItemCatMapper.selectByExample]-[DEBUG] ==>  Preparing: select id, parent_id, name, status, sort_order, is_parent, created, updated from tb_item_cat WHERE ( parent_id = ? ) 
2019-08-27 22:10:38,080 [http-bio-8081-exec-6] [com.taotao.mapper.ItemCatMapper.selectByExample]-[DEBUG] ==> Parameters: 567(Long)
2019-08-27 22:10:38,082 [http-bio-8081-exec-6] [com.taotao.mapper.ItemCatMapper.selectByExample]-[DEBUG] <==      Total: 12
2019-08-27 22:10:38,082 [http-bio-8081-exec-6] [org.mybatis.spring.SqlSessionUtils]-[DEBUG] Releasing transactional SqlSession [org.apache.ibatis.session.defaults.DefaultSqlSession@709e48ad]
2019-08-27 22:10:38,083 [http-bio-8081-exec-6] [org.mybatis.spring.SqlSessionUtils]-[DEBUG] Fetched SqlSession [org.apache.ibatis.session.defaults.DefaultSqlSession@709e48ad] from current transaction
2019-08-27 22:10:38,083 [http-bio-8081-exec-6] [com.taotao.mapper.ItemCatMapper.selectByExample]-[DEBUG] ==>  Preparing: select id, parent_id, name, status, sort_order, is_parent, created, updated from tb_item_cat WHERE ( parent_id = ? ) 
2019-08-27 22:10:38,083 [http-bio-8081-exec-6] [com.taotao.mapper.ItemCatMapper.selectByExample]-[DEBUG] ==> Parameters: 580(Long)
2019-08-27 22:10:38,085 [http-bio-8081-exec-6] [com.taotao.mapper.ItemCatMapper.selectByExample]-[DEBUG] <==      Total: 5
2019-08-27 22:10:38,085 [http-bio-8081-exec-6] [org.mybatis.spring.SqlSessionUtils]-[DEBUG] Releasing transactional SqlSession [org.apache.ibatis.session.defaults.DefaultSqlSession@709e48ad]
2019-08-27 22:10:38,085 [http-bio-8081-exec-6] [org.mybatis.spring.SqlSessionUtils]-[DEBUG] Fetched SqlSession [org.apache.ibatis.session.defaults.DefaultSqlSession@709e48ad] from current transaction
2019-08-27 22:10:38,086 [http-bio-8081-exec-6] [com.taotao.mapper.ItemCatMapper.selectByExample]-[DEBUG] ==>  Preparing: select id, parent_id, name, status, sort_order, is_parent, created, updated from tb_item_cat WHERE ( parent_id = ? ) 
2019-08-27 22:10:38,086 [http-bio-8081-exec-6] [com.taotao.mapper.ItemCatMapper.selectByExample]-[DEBUG] ==> Parameters: 581(Long)
2019-08-27 22:10:38,088 [http-bio-8081-exec-6] [com.taotao.mapper.ItemCatMapper.selectByExample]-[DEBUG] <==      Total: 9
2019-08-27 22:10:38,089 [http-bio-8081-exec-6] [org.mybatis.spring.SqlSessionUtils]-[DEBUG] Releasing transactional SqlSession [org.apache.ibatis.session.defaults.DefaultSqlSession@709e48ad]
2019-08-27 22:10:38,089 [http-bio-8081-exec-6] [org.mybatis.spring.SqlSessionUtils]-[DEBUG] Fetched SqlSession [org.apache.ibatis.session.defaults.DefaultSqlSession@709e48ad] from current transaction
2019-08-27 22:10:38,089 [http-bio-8081-exec-6] [com.taotao.mapper.ItemCatMapper.selectByExample]-[DEBUG] ==>  Preparing: select id, parent_id, name, status, sort_order, is_parent, created, updated from tb_item_cat WHERE ( parent_id = ? ) 
2019-08-27 22:10:38,089 [http-bio-8081-exec-6] [com.taotao.mapper.ItemCatMapper.selectByExample]-[DEBUG] ==> Parameters: 591(Long)
2019-08-27 22:10:38,091 [http-bio-8081-exec-6] [com.taotao.mapper.ItemCatMapper.selectByExample]-[DEBUG] <==      Total: 12
2019-08-27 22:10:38,092 [http-bio-8081-exec-6] [org.mybatis.spring.SqlSessionUtils]-[DEBUG] Releasing transactional SqlSession [org.apache.ibatis.session.defaults.DefaultSqlSession@709e48ad]
2019-08-27 22:10:38,092 [http-bio-8081-exec-6] [org.mybatis.spring.SqlSessionUtils]-[DEBUG] Fetched SqlSession [org.apache.ibatis.session.defaults.DefaultSqlSession@709e48ad] from current transaction
2019-08-27 22:10:38,092 [http-bio-8081-exec-6] [com.taotao.mapper.ItemCatMapper.selectByExample]-[DEBUG] ==>  Preparing: select id, parent_id, name, status, sort_order, is_parent, created, updated from tb_item_cat WHERE ( parent_id = ? ) 
2019-08-27 22:10:38,092 [http-bio-8081-exec-6] [com.taotao.mapper.ItemCatMapper.selectByExample]-[DEBUG] ==> Parameters: 604(Long)
2019-08-27 22:10:38,095 [http-bio-8081-exec-6] [com.taotao.mapper.ItemCatMapper.selectByExample]-[DEBUG] <==      Total: 9
2019-08-27 22:10:38,095 [http-bio-8081-exec-6] [org.mybatis.spring.SqlSessionUtils]-[DEBUG] Releasing transactional SqlSession [org.apache.ibatis.session.defaults.DefaultSqlSession@709e48ad]
2019-08-27 22:10:38,095 [http-bio-8081-exec-6] [org.mybatis.spring.SqlSessionUtils]-[DEBUG] Fetched SqlSession [org.apache.ibatis.session.defaults.DefaultSqlSession@709e48ad] from current transaction
2019-08-27 22:10:38,096 [http-bio-8081-exec-6] [com.taotao.mapper.ItemCatMapper.selectByExample]-[DEBUG] ==>  Preparing: select id, parent_id, name, status, sort_order, is_parent, created, updated from tb_item_cat WHERE ( parent_id = ? ) 
2019-08-27 22:10:38,096 [http-bio-8081-exec-6] [com.taotao.mapper.ItemCatMapper.selectByExample]-[DEBUG] ==> Parameters: 614(Long)
2019-08-27 22:10:38,098 [http-bio-8081-exec-6] [com.taotao.mapper.ItemCatMapper.selectByExample]-[DEBUG] <==      Total: 10
2019-08-27 22:10:38,098 [http-bio-8081-exec-6] [org.mybatis.spring.SqlSessionUtils]-[DEBUG] Releasing transactional SqlSession [org.apache.ibatis.session.defaults.DefaultSqlSession@709e48ad]
2019-08-27 22:10:38,098 [http-bio-8081-exec-6] [org.mybatis.spring.SqlSessionUtils]-[DEBUG] Fetched SqlSession [org.apache.ibatis.session.defaults.DefaultSqlSession@709e48ad] from current transaction
2019-08-27 22:10:38,099 [http-bio-8081-exec-6] [com.taotao.mapper.ItemCatMapper.selectByExample]-[DEBUG] ==>  Preparing: select id, parent_id, name, status, sort_order, is_parent, created, updated from tb_item_cat WHERE ( parent_id = ? ) 
2019-08-27 22:10:38,099 [http-bio-8081-exec-6] [com.taotao.mapper.ItemCatMapper.selectByExample]-[DEBUG] ==> Parameters: 625(Long)
2019-08-27 22:10:38,103 [http-bio-8081-exec-6] [com.taotao.mapper.ItemCatMapper.selectByExample]-[DEBUG] <==      Total: 7
2019-08-27 22:10:38,103 [http-bio-8081-exec-6] [org.mybatis.spring.SqlSessionUtils]-[DEBUG] Releasing transactional SqlSession [org.apache.ibatis.session.defaults.DefaultSqlSession@709e48ad]
2019-08-27 22:10:38,103 [http-bio-8081-exec-6] [org.mybatis.spring.SqlSessionUtils]-[DEBUG] Fetched SqlSession [org.apache.ibatis.session.defaults.DefaultSqlSession@709e48ad] from current transaction
2019-08-27 22:10:38,104 [http-bio-8081-exec-6] [com.taotao.mapper.ItemCatMapper.selectByExample]-[DEBUG] ==>  Preparing: select id, parent_id, name, status, sort_order, is_parent, created, updated from tb_item_cat WHERE ( parent_id = ? ) 
2019-08-27 22:10:38,104 [http-bio-8081-exec-6] [com.taotao.mapper.ItemCatMapper.selectByExample]-[DEBUG] ==> Parameters: 633(Long)
2019-08-27 22:10:38,106 [http-bio-8081-exec-6] [com.taotao.mapper.ItemCatMapper.selectByExample]-[DEBUG] <==      Total: 6
2019-08-27 22:10:38,107 [http-bio-8081-exec-6] [org.mybatis.spring.SqlSessionUtils]-[DEBUG] Releasing transactional SqlSession [org.apache.ibatis.session.defaults.DefaultSqlSession@709e48ad]
2019-08-27 22:10:38,107 [http-bio-8081-exec-6] [org.mybatis.spring.SqlSessionUtils]-[DEBUG] Fetched SqlSession [org.apache.ibatis.session.defaults.DefaultSqlSession@709e48ad] from current transaction
2019-08-27 22:10:38,107 [http-bio-8081-exec-6] [com.taotao.mapper.ItemCatMapper.selectByExample]-[DEBUG] ==>  Preparing: select id, parent_id, name, status, sort_order, is_parent, created, updated from tb_item_cat WHERE ( parent_id = ? ) 
2019-08-27 22:10:38,108 [http-bio-8081-exec-6] [com.taotao.mapper.ItemCatMapper.selectByExample]-[DEBUG] ==> Parameters: 634(Long)
2019-08-27 22:10:38,111 [http-bio-8081-exec-6] [com.taotao.mapper.ItemCatMapper.selectByExample]-[DEBUG] <==      Total: 13
2019-08-27 22:10:38,111 [http-bio-8081-exec-6] [org.mybatis.spring.SqlSessionUtils]-[DEBUG] Releasing transactional SqlSession [org.apache.ibatis.session.defaults.DefaultSqlSession@709e48ad]
2019-08-27 22:10:38,112 [http-bio-8081-exec-6] [org.mybatis.spring.SqlSessionUtils]-[DEBUG] Fetched SqlSession [org.apache.ibatis.session.defaults.DefaultSqlSession@709e48ad] from current transaction
2019-08-27 22:10:38,112 [http-bio-8081-exec-6] [com.taotao.mapper.ItemCatMapper.selectByExample]-[DEBUG] ==>  Preparing: select id, parent_id, name, status, sort_order, is_parent, created, updated from tb_item_cat WHERE ( parent_id = ? ) 
2019-08-27 22:10:38,117 [http-bio-8081-exec-6] [com.taotao.mapper.ItemCatMapper.selectByExample]-[DEBUG] ==> Parameters: 648(Long)
2019-08-27 22:10:38,121 [http-bio-8081-exec-6] [com.taotao.mapper.ItemCatMapper.selectByExample]-[DEBUG] <==      Total: 11
2019-08-27 22:10:38,121 [http-bio-8081-exec-6] [org.mybatis.spring.SqlSessionUtils]-[DEBUG] Releasing transactional SqlSession [org.apache.ibatis.session.defaults.DefaultSqlSession@709e48ad]
2019-08-27 22:10:38,121 [http-bio-8081-exec-6] [org.mybatis.spring.SqlSessionUtils]-[DEBUG] Fetched SqlSession [org.apache.ibatis.session.defaults.DefaultSqlSession@709e48ad] from current transaction
2019-08-27 22:10:38,122 [http-bio-8081-exec-6] [com.taotao.mapper.ItemCatMapper.selectByExample]-[DEBUG] ==>  Preparing: select id, parent_id, name, status, sort_order, is_parent, created, updated from tb_item_cat WHERE ( parent_id = ? ) 
2019-08-27 22:10:38,122 [http-bio-8081-exec-6] [com.taotao.mapper.ItemCatMapper.selectByExample]-[DEBUG] ==> Parameters: 660(Long)
2019-08-27 22:10:38,125 [http-bio-8081-exec-6] [com.taotao.mapper.ItemCatMapper.selectByExample]-[DEBUG] <==      Total: 6
2019-08-27 22:10:38,125 [http-bio-8081-exec-6] [org.mybatis.spring.SqlSessionUtils]-[DEBUG] Releasing transactional SqlSession [org.apache.ibatis.session.defaults.DefaultSqlSession@709e48ad]
2019-08-27 22:10:38,125 [http-bio-8081-exec-6] [org.mybatis.spring.SqlSessionUtils]-[DEBUG] Fetched SqlSession [org.apache.ibatis.session.defaults.DefaultSqlSession@709e48ad] from current transaction
2019-08-27 22:10:38,126 [http-bio-8081-exec-6] [com.taotao.mapper.ItemCatMapper.selectByExample]-[DEBUG] ==>  Preparing: select id, parent_id, name, status, sort_order, is_parent, created, updated from tb_item_cat WHERE ( parent_id = ? ) 
2019-08-27 22:10:38,126 [http-bio-8081-exec-6] [com.taotao.mapper.ItemCatMapper.selectByExample]-[DEBUG] ==> Parameters: 667(Long)
2019-08-27 22:10:38,129 [http-bio-8081-exec-6] [com.taotao.mapper.ItemCatMapper.selectByExample]-[DEBUG] <==      Total: 15
2019-08-27 22:10:38,129 [http-bio-8081-exec-6] [org.mybatis.spring.SqlSessionUtils]-[DEBUG] Releasing transactional SqlSession [org.apache.ibatis.session.defaults.DefaultSqlSession@709e48ad]
2019-08-27 22:10:38,129 [http-bio-8081-exec-6] [org.mybatis.spring.SqlSessionUtils]-[DEBUG] Fetched SqlSession [org.apache.ibatis.session.defaults.DefaultSqlSession@709e48ad] from current transaction
2019-08-27 22:10:38,130 [http-bio-8081-exec-6] [com.taotao.mapper.ItemCatMapper.selectByExample]-[DEBUG] ==>  Preparing: select id, parent_id, name, status, sort_order, is_parent, created, updated from tb_item_cat WHERE ( parent_id = ? ) 
2019-08-27 22:10:38,130 [http-bio-8081-exec-6] [com.taotao.mapper.ItemCatMapper.selectByExample]-[DEBUG] ==> Parameters: 683(Long)
2019-08-27 22:10:38,134 [http-bio-8081-exec-6] [com.taotao.mapper.ItemCatMapper.selectByExample]-[DEBUG] <==      Total: 7
2019-08-27 22:10:38,135 [http-bio-8081-exec-6] [org.mybatis.spring.SqlSessionUtils]-[DEBUG] Releasing transactional SqlSession [org.apache.ibatis.session.defaults.DefaultSqlSession@709e48ad]
2019-08-27 22:10:38,135 [http-bio-8081-exec-6] [org.mybatis.spring.SqlSessionUtils]-[DEBUG] Fetched SqlSession [org.apache.ibatis.session.defaults.DefaultSqlSession@709e48ad] from current transaction
2019-08-27 22:10:38,135 [http-bio-8081-exec-6] [com.taotao.mapper.ItemCatMapper.selectByExample]-[DEBUG] ==>  Preparing: select id, parent_id, name, status, sort_order, is_parent, created, updated from tb_item_cat WHERE ( parent_id = ? ) 
2019-08-27 22:10:38,136 [http-bio-8081-exec-6] [com.taotao.mapper.ItemCatMapper.selectByExample]-[DEBUG] ==> Parameters: 691(Long)
2019-08-27 22:10:38,139 [http-bio-8081-exec-6] [com.taotao.mapper.ItemCatMapper.selectByExample]-[DEBUG] <==      Total: 7
2019-08-27 22:10:38,139 [http-bio-8081-exec-6] [org.mybatis.spring.SqlSessionUtils]-[DEBUG] Releasing transactional SqlSession [org.apache.ibatis.session.defaults.DefaultSqlSession@709e48ad]
2019-08-27 22:10:38,139 [http-bio-8081-exec-6] [org.mybatis.spring.SqlSessionUtils]-[DEBUG] Fetched SqlSession [org.apache.ibatis.session.defaults.DefaultSqlSession@709e48ad] from current transaction
2019-08-27 22:10:38,140 [http-bio-8081-exec-6] [com.taotao.mapper.ItemCatMapper.selectByExample]-[DEBUG] ==>  Preparing: select id, parent_id, name, status, sort_order, is_parent, created, updated from tb_item_cat WHERE ( parent_id = ? ) 
2019-08-27 22:10:38,140 [http-bio-8081-exec-6] [com.taotao.mapper.ItemCatMapper.selectByExample]-[DEBUG] ==> Parameters: 699(Long)
2019-08-27 22:10:38,143 [http-bio-8081-exec-6] [com.taotao.mapper.ItemCatMapper.selectByExample]-[DEBUG] <==      Total: 6
2019-08-27 22:10:38,143 [http-bio-8081-exec-6] [org.mybatis.spring.SqlSessionUtils]-[DEBUG] Releasing transactional SqlSession [org.apache.ibatis.session.defaults.DefaultSqlSession@709e48ad]
2019-08-27 22:10:38,143 [http-bio-8081-exec-6] [org.mybatis.spring.SqlSessionUtils]-[DEBUG] Fetched SqlSession [org.apache.ibatis.session.defaults.DefaultSqlSession@709e48ad] from current transaction
2019-08-27 22:10:38,143 [http-bio-8081-exec-6] [com.taotao.mapper.ItemCatMapper.selectByExample]-[DEBUG] ==>  Preparing: select id, parent_id, name, status, sort_order, is_parent, created, updated from tb_item_cat WHERE ( parent_id = ? ) 
2019-08-27 22:10:38,144 [http-bio-8081-exec-6] [com.taotao.mapper.ItemCatMapper.selectByExample]-[DEBUG] ==> Parameters: 700(Long)
2019-08-27 22:10:38,147 [http-bio-8081-exec-6] [com.taotao.mapper.ItemCatMapper.selectByExample]-[DEBUG] <==      Total: 10
2019-08-27 22:10:38,147 [http-bio-8081-exec-6] [org.mybatis.spring.SqlSessionUtils]-[DEBUG] Releasing transactional SqlSession [org.apache.ibatis.session.defaults.DefaultSqlSession@709e48ad]
2019-08-27 22:10:38,147 [http-bio-8081-exec-6] [org.mybatis.spring.SqlSessionUtils]-[DEBUG] Fetched SqlSession [org.apache.ibatis.session.defaults.DefaultSqlSession@709e48ad] from current transaction
2019-08-27 22:10:38,148 [http-bio-8081-exec-6] [com.taotao.mapper.ItemCatMapper.selectByExample]-[DEBUG] ==>  Preparing: select id, parent_id, name, status, sort_order, is_parent, created, updated from tb_item_cat WHERE ( parent_id = ? ) 
2019-08-27 22:10:38,152 [http-bio-8081-exec-6] [com.taotao.mapper.ItemCatMapper.selectByExample]-[DEBUG] ==> Parameters: 711(Long)
2019-08-27 22:10:38,154 [http-bio-8081-exec-6] [com.taotao.mapper.ItemCatMapper.selectByExample]-[DEBUG] <==      Total: 6
2019-08-27 22:10:38,155 [http-bio-8081-exec-6] [org.mybatis.spring.SqlSessionUtils]-[DEBUG] Releasing transactional SqlSession [org.apache.ibatis.session.defaults.DefaultSqlSession@709e48ad]
2019-08-27 22:10:38,155 [http-bio-8081-exec-6] [org.mybatis.spring.SqlSessionUtils]-[DEBUG] Fetched SqlSession [org.apache.ibatis.session.defaults.DefaultSqlSession@709e48ad] from current transaction
2019-08-27 22:10:38,155 [http-bio-8081-exec-6] [com.taotao.mapper.ItemCatMapper.selectByExample]-[DEBUG] ==>  Preparing: select id, parent_id, name, status, sort_order, is_parent, created, updated from tb_item_cat WHERE ( parent_id = ? ) 
2019-08-27 22:10:38,156 [http-bio-8081-exec-6] [com.taotao.mapper.ItemCatMapper.selectByExample]-[DEBUG] ==> Parameters: 718(Long)
2019-08-27 22:10:38,158 [http-bio-8081-exec-6] [com.taotao.mapper.ItemCatMapper.selectByExample]-[DEBUG] <==      Total: 5
2019-08-27 22:10:38,158 [http-bio-8081-exec-6] [org.mybatis.spring.SqlSessionUtils]-[DEBUG] Releasing transactional SqlSession [org.apache.ibatis.session.defaults.DefaultSqlSession@709e48ad]
2019-08-27 22:10:38,158 [http-bio-8081-exec-6] [org.mybatis.spring.SqlSessionUtils]-[DEBUG] Fetched SqlSession [org.apache.ibatis.session.defaults.DefaultSqlSession@709e48ad] from current transaction
2019-08-27 22:10:38,158 [http-bio-8081-exec-6] [com.taotao.mapper.ItemCatMapper.selectByExample]-[DEBUG] ==>  Preparing: select id, parent_id, name, status, sort_order, is_parent, created, updated from tb_item_cat WHERE ( parent_id = ? ) 
2019-08-27 22:10:38,159 [http-bio-8081-exec-6] [com.taotao.mapper.ItemCatMapper.selectByExample]-[DEBUG] ==> Parameters: 724(Long)
2019-08-27 22:10:38,161 [http-bio-8081-exec-6] [com.taotao.mapper.ItemCatMapper.selectByExample]-[DEBUG] <==      Total: 8
2019-08-27 22:10:38,161 [http-bio-8081-exec-6] [org.mybatis.spring.SqlSessionUtils]-[DEBUG] Releasing transactional SqlSession [org.apache.ibatis.session.defaults.DefaultSqlSession@709e48ad]
2019-08-27 22:10:38,161 [http-bio-8081-exec-6] [org.mybatis.spring.SqlSessionUtils]-[DEBUG] Fetched SqlSession [org.apache.ibatis.session.defaults.DefaultSqlSession@709e48ad] from current transaction
2019-08-27 22:10:38,162 [http-bio-8081-exec-6] [com.taotao.mapper.ItemCatMapper.selectByExample]-[DEBUG] ==>  Preparing: select id, parent_id, name, status, sort_order, is_parent, created, updated from tb_item_cat WHERE ( parent_id = ? ) 
2019-08-27 22:10:38,162 [http-bio-8081-exec-6] [com.taotao.mapper.ItemCatMapper.selectByExample]-[DEBUG] ==> Parameters: 733(Long)
2019-08-27 22:10:38,164 [http-bio-8081-exec-6] [com.taotao.mapper.ItemCatMapper.selectByExample]-[DEBUG] <==      Total: 5
2019-08-27 22:10:38,165 [http-bio-8081-exec-6] [org.mybatis.spring.SqlSessionUtils]-[DEBUG] Releasing transactional SqlSession [org.apache.ibatis.session.defaults.DefaultSqlSession@709e48ad]
2019-08-27 22:10:38,165 [http-bio-8081-exec-6] [org.mybatis.spring.SqlSessionUtils]-[DEBUG] Fetched SqlSession [org.apache.ibatis.session.defaults.DefaultSqlSession@709e48ad] from current transaction
2019-08-27 22:10:38,165 [http-bio-8081-exec-6] [com.taotao.mapper.ItemCatMapper.selectByExample]-[DEBUG] ==>  Preparing: select id, parent_id, name, status, sort_order, is_parent, created, updated from tb_item_cat WHERE ( parent_id = ? ) 
2019-08-27 22:10:38,166 [http-bio-8081-exec-6] [com.taotao.mapper.ItemCatMapper.selectByExample]-[DEBUG] ==> Parameters: 739(Long)
2019-08-27 22:10:38,172 [http-bio-8081-exec-6] [com.taotao.mapper.ItemCatMapper.selectByExample]-[DEBUG] <==      Total: 9
2019-08-27 22:10:38,173 [http-bio-8081-exec-6] [org.mybatis.spring.SqlSessionUtils]-[DEBUG] Releasing transactional SqlSession [org.apache.ibatis.session.defaults.DefaultSqlSession@709e48ad]
2019-08-27 22:10:38,173 [http-bio-8081-exec-6] [org.mybatis.spring.SqlSessionUtils]-[DEBUG] Fetched SqlSession [org.apache.ibatis.session.defaults.DefaultSqlSession@709e48ad] from current transaction
2019-08-27 22:10:38,174 [http-bio-8081-exec-6] [com.taotao.mapper.ItemCatMapper.selectByExample]-[DEBUG] ==>  Preparing: select id, parent_id, name, status, sort_order, is_parent, created, updated from tb_item_cat WHERE ( parent_id = ? ) 
2019-08-27 22:10:38,174 [http-bio-8081-exec-6] [com.taotao.mapper.ItemCatMapper.selectByExample]-[DEBUG] ==> Parameters: 749(Long)
2019-08-27 22:10:38,176 [http-bio-8081-exec-6] [com.taotao.mapper.ItemCatMapper.selectByExample]-[DEBUG] <==      Total: 4
2019-08-27 22:10:38,177 [http-bio-8081-exec-6] [org.mybatis.spring.SqlSessionUtils]-[DEBUG] Releasing transactional SqlSession [org.apache.ibatis.session.defaults.DefaultSqlSession@709e48ad]
2019-08-27 22:10:38,177 [http-bio-8081-exec-6] [org.mybatis.spring.SqlSessionUtils]-[DEBUG] Fetched SqlSession [org.apache.ibatis.session.defaults.DefaultSqlSession@709e48ad] from current transaction
2019-08-27 22:10:38,177 [http-bio-8081-exec-6] [com.taotao.mapper.ItemCatMapper.selectByExample]-[DEBUG] ==>  Preparing: select id, parent_id, name, status, sort_order, is_parent, created, updated from tb_item_cat WHERE ( parent_id = ? ) 
2019-08-27 22:10:38,178 [http-bio-8081-exec-6] [com.taotao.mapper.ItemCatMapper.selectByExample]-[DEBUG] ==> Parameters: 750(Long)
2019-08-27 22:10:38,181 [http-bio-8081-exec-6] [com.taotao.mapper.ItemCatMapper.selectByExample]-[DEBUG] <==      Total: 33
2019-08-27 22:10:38,181 [http-bio-8081-exec-6] [org.mybatis.spring.SqlSessionUtils]-[DEBUG] Releasing transactional SqlSession [org.apache.ibatis.session.defaults.DefaultSqlSession@709e48ad]
2019-08-27 22:10:38,181 [http-bio-8081-exec-6] [org.mybatis.spring.SqlSessionUtils]-[DEBUG] Fetched SqlSession [org.apache.ibatis.session.defaults.DefaultSqlSession@709e48ad] from current transaction
2019-08-27 22:10:38,182 [http-bio-8081-exec-6] [com.taotao.mapper.ItemCatMapper.selectByExample]-[DEBUG] ==>  Preparing: select id, parent_id, name, status, sort_order, is_parent, created, updated from tb_item_cat WHERE ( parent_id = ? ) 
2019-08-27 22:10:38,182 [http-bio-8081-exec-6] [com.taotao.mapper.ItemCatMapper.selectByExample]-[DEBUG] ==> Parameters: 784(Long)
2019-08-27 22:10:38,186 [http-bio-8081-exec-6] [com.taotao.mapper.ItemCatMapper.selectByExample]-[DEBUG] <==      Total: 28
2019-08-27 22:10:38,186 [http-bio-8081-exec-6] [org.mybatis.spring.SqlSessionUtils]-[DEBUG] Releasing transactional SqlSession [org.apache.ibatis.session.defaults.DefaultSqlSession@709e48ad]
2019-08-27 22:10:38,186 [http-bio-8081-exec-6] [org.mybatis.spring.SqlSessionUtils]-[DEBUG] Fetched SqlSession [org.apache.ibatis.session.defaults.DefaultSqlSession@709e48ad] from current transaction
2019-08-27 22:10:38,187 [http-bio-8081-exec-6] [com.taotao.mapper.ItemCatMapper.selectByExample]-[DEBUG] ==>  Preparing: select id, parent_id, name, status, sort_order, is_parent, created, updated from tb_item_cat WHERE ( parent_id = ? ) 
2019-08-27 22:10:38,187 [http-bio-8081-exec-6] [com.taotao.mapper.ItemCatMapper.selectByExample]-[DEBUG] ==> Parameters: 813(Long)
2019-08-27 22:10:38,190 [http-bio-8081-exec-6] [com.taotao.mapper.ItemCatMapper.selectByExample]-[DEBUG] <==      Total: 22
2019-08-27 22:10:38,190 [http-bio-8081-exec-6] [org.mybatis.spring.SqlSessionUtils]-[DEBUG] Releasing transactional SqlSession [org.apache.ibatis.session.defaults.DefaultSqlSession@709e48ad]
2019-08-27 22:10:38,190 [http-bio-8081-exec-6] [org.mybatis.spring.SqlSessionUtils]-[DEBUG] Fetched SqlSession [org.apache.ibatis.session.defaults.DefaultSqlSession@709e48ad] from current transaction
2019-08-27 22:10:38,191 [http-bio-8081-exec-6] [com.taotao.mapper.ItemCatMapper.selectByExample]-[DEBUG] ==>  Preparing: select id, parent_id, name, status, sort_order, is_parent, created, updated from tb_item_cat WHERE ( parent_id = ? ) 
2019-08-27 22:10:38,191 [http-bio-8081-exec-6] [com.taotao.mapper.ItemCatMapper.selectByExample]-[DEBUG] ==> Parameters: 836(Long)
2019-08-27 22:10:38,194 [http-bio-8081-exec-6] [com.taotao.mapper.ItemCatMapper.selectByExample]-[DEBUG] <==      Total: 28
2019-08-27 22:10:38,194 [http-bio-8081-exec-6] [org.mybatis.spring.SqlSessionUtils]-[DEBUG] Releasing transactional SqlSession [org.apache.ibatis.session.defaults.DefaultSqlSession@709e48ad]
2019-08-27 22:10:38,194 [http-bio-8081-exec-6] [org.mybatis.spring.SqlSessionUtils]-[DEBUG] Transaction synchronization deregistering SqlSession [org.apache.ibatis.session.defaults.DefaultSqlSession@709e48ad]
2019-08-27 22:10:38,194 [http-bio-8081-exec-6] [org.mybatis.spring.SqlSessionUtils]-[DEBUG] Transaction synchronization closing SqlSession [org.apache.ibatis.session.defaults.DefaultSqlSession@709e48ad]
2019-08-27 22:10:38,197 [http-bio-8081-exec-6] [org.springframework.web.servlet.mvc.method.annotation.RequestResponseBodyMethodProcessor]-[DEBUG] Using 'application/json;charset=UTF-8', given [*/*] and supported [application/json;charset=UTF-8]
2019-08-27 22:10:38,197 [http-bio-8081-exec-6] [org.springframework.web.servlet.mvc.method.annotation.RequestResponseBodyMethodProcessor]-[DEBUG] Writing ["category.getDataService({"data":[{"n":"<a href='/products/1.html'>图书、音像、电子书刊</a>","u":"/products/1. (truncated)...]
2019-08-27 22:10:38,198 [http-bio-8081-exec-6] [org.springframework.web.servlet.DispatcherServlet]-[DEBUG] Completed 200 OK
